mode: set
github.com/nxdir-s/grl/internal/adapters/primary/tui.go:27.39,29.2 1 0
github.com/nxdir-s/grl/internal/adapters/primary/tui.go:33.36,35.2 1 0
github.com/nxdir-s/grl/internal/adapters/primary/tui.go:39.39,41.2 1 0
github.com/nxdir-s/grl/internal/adapters/primary/tui.go:45.40,47.2 1 0
github.com/nxdir-s/grl/internal/adapters/primary/tui.go:51.41,53.2 1 0
github.com/nxdir-s/grl/internal/adapters/primary/tui.go:57.32,59.2 1 0
github.com/nxdir-s/grl/internal/adapters/primary/tui.go:63.35,65.2 1 0
github.com/nxdir-s/grl/internal/adapters/primary/tui.go:71.41,73.2 1 0
github.com/nxdir-s/grl/internal/adapters/primary/tui.go:79.53,81.2 1 0
github.com/nxdir-s/grl/internal/adapters/primary/tui.go:87.43,89.2 1 0
github.com/nxdir-s/grl/internal/adapters/primary/tui.go:95.40,97.2 1 0
github.com/nxdir-s/grl/internal/adapters/primary/tui.go:103.48,105.2 1 0
github.com/nxdir-s/grl/internal/adapters/primary/tui.go:111.46,113.2 1 0
github.com/nxdir-s/grl/internal/adapters/primary/tui.go:119.46,121.2 1 0
github.com/nxdir-s/grl/internal/adapters/primary/tui.go:127.46,129.2 1 0
github.com/nxdir-s/grl/internal/adapters/primary/tui.go:135.45,137.2 1 0
github.com/nxdir-s/grl/internal/adapters/primary/tui.go:143.43,145.2 1 0
github.com/nxdir-s/grl/internal/adapters/primary/tui.go:151.47,153.2 1 0
github.com/nxdir-s/grl/internal/adapters/primary/tui.go:159.46,161.2 1 0
github.com/nxdir-s/grl/internal/adapters/primary/tui.go:167.44,169.2 1 0
github.com/nxdir-s/grl/internal/adapters/primary/tui.go:175.45,177.2 1 0
github.com/nxdir-s/grl/internal/adapters/primary/tui.go:183.47,185.2 1 0
github.com/nxdir-s/grl/internal/adapters/primary/tui.go:191.50,193.2 1 0
github.com/nxdir-s/grl/internal/adapters/primary/tui.go:199.50,201.2 1 0
github.com/nxdir-s/grl/internal/adapters/primary/tui.go:207.46,209.2 1 0
github.com/nxdir-s/grl/internal/adapters/primary/tui.go:215.39,217.2 1 0
github.com/nxdir-s/grl/internal/adapters/primary/tui.go:223.40,225.2 1 0
github.com/nxdir-s/grl/internal/adapters/primary/tui.go:231.45,233.2 1 0
github.com/nxdir-s/grl/internal/adapters/primary/tui.go:237.44,239.2 1 0
github.com/nxdir-s/grl/internal/adapters/primary/tui.go:243.42,245.2 1 0
github.com/nxdir-s/grl/internal/adapters/primary/tui.go:249.50,250.29 1 0
github.com/nxdir-s/grl/internal/adapters/primary/tui.go:250.29,252.3 1 0
github.com/nxdir-s/grl/internal/adapters/primary/tui.go:255.56,256.29 1 0
github.com/nxdir-s/grl/internal/adapters/primary/tui.go:256.29,258.3 1 0
github.com/nxdir-s/grl/internal/adapters/primary/tui.go:261.48,262.29 1 0
github.com/nxdir-s/grl/internal/adapters/primary/tui.go:262.29,264.3 1 0
github.com/nxdir-s/grl/internal/adapters/primary/tui.go:267.58,268.29 1 0
github.com/nxdir-s/grl/internal/adapters/primary/tui.go:268.29,270.3 1 0
github.com/nxdir-s/grl/internal/adapters/primary/tui.go:273.48,274.29 1 0
github.com/nxdir-s/grl/internal/adapters/primary/tui.go:274.29,276.3 1 0
github.com/nxdir-s/grl/internal/adapters/primary/tui.go:279.52,280.29 1 0
github.com/nxdir-s/grl/internal/adapters/primary/tui.go:280.29,282.3 1 0
github.com/nxdir-s/grl/internal/adapters/primary/tui.go:285.52,286.29 1 0
github.com/nxdir-s/grl/internal/adapters/primary/tui.go:286.29,288.3 1 0
github.com/nxdir-s/grl/internal/adapters/primary/tui.go:303.70,308.27 2 0
github.com/nxdir-s/grl/internal/adapters/primary/tui.go:308.27,310.3 1 0
github.com/nxdir-s/grl/internal/adapters/primary/tui.go:312.2,312.16 1 0
github.com/nxdir-s/grl/internal/adapters/primary/tui.go:315.102,316.23 1 0
github.com/nxdir-s/grl/internal/adapters/primary/tui.go:316.23,321.3 3 0
github.com/nxdir-s/grl/internal/adapters/primary/tui.go:323.2,323.16 1 0
github.com/nxdir-s/grl/internal/adapters/primary/tui.go:323.16,328.3 3 0
github.com/nxdir-s/grl/internal/adapters/primary/tui.go:330.2,333.16 3 0
github.com/nxdir-s/grl/internal/adapters/primary/tui.go:333.16,336.3 2 0
github.com/nxdir-s/grl/internal/adapters/primary/tui.go:338.2,338.18 1 0
github.com/nxdir-s/grl/internal/adapters/primary/tui.go:341.151,342.26 1 0
github.com/nxdir-s/grl/internal/adapters/primary/tui.go:342.26,351.3 3 0
github.com/nxdir-s/grl/internal/adapters/primary/tui.go:353.2,353.73 1 0
github.com/nxdir-s/grl/internal/adapters/primary/tui.go:353.73,355.3 1 0
github.com/nxdir-s/grl/internal/adapters/primary/tui.go:357.2,358.16 2 0
github.com/nxdir-s/grl/internal/adapters/primary/tui.go:358.16,360.3 1 0
github.com/nxdir-s/grl/internal/adapters/primary/tui.go:362.2,362.25 1 0
github.com/nxdir-s/grl/internal/adapters/primary/tui.go:365.107,366.22 1 0
github.com/nxdir-s/grl/internal/adapters/primary/tui.go:366.22,371.3 3 0
github.com/nxdir-s/grl/internal/adapters/primary/tui.go:373.2,373.16 1 0
github.com/nxdir-s/grl/internal/adapters/primary/tui.go:373.16,378.3 3 0
github.com/nxdir-s/grl/internal/adapters/primary/tui.go:380.2,380.17 1 0
github.com/nxdir-s/grl/internal/adapters/primary/tui.go:380.17,385.3 3 0
github.com/nxdir-s/grl/internal/adapters/primary/tui.go:387.2,387.57 1 0
github.com/nxdir-s/grl/internal/adapters/primary/tui.go:387.57,390.3 2 0
github.com/nxdir-s/grl/internal/adapters/primary/tui.go:392.2,392.12 1 0
github.com/nxdir-s/grl/internal/adapters/primary/tui.go:395.96,396.22 1 0
github.com/nxdir-s/grl/internal/adapters/primary/tui.go:396.22,401.3 3 0
github.com/nxdir-s/grl/internal/adapters/primary/tui.go:403.2,403.16 1 0
github.com/nxdir-s/grl/internal/adapters/primary/tui.go:403.16,408.3 3 0
github.com/nxdir-s/grl/internal/adapters/primary/tui.go:410.2,411.16 2 0
github.com/nxdir-s/grl/internal/adapters/primary/tui.go:411.16,414.3 2 0
github.com/nxdir-s/grl/internal/adapters/primary/tui.go:416.2,416.21 1 0
github.com/nxdir-s/grl/internal/adapters/primary/tui.go:419.79,420.22 1 0
github.com/nxdir-s/grl/internal/adapters/primary/tui.go:420.22,425.3 3 0
github.com/nxdir-s/grl/internal/adapters/primary/tui.go:427.2,427.18 1 0
github.com/nxdir-s/grl/internal/adapters/primary/tui.go:427.18,432.3 3 0
github.com/nxdir-s/grl/internal/adapters/primary/tui.go:434.2,434.55 1 0
github.com/nxdir-s/grl/internal/adapters/primary/tui.go:434.55,441.3 2 0
github.com/nxdir-s/grl/internal/adapters/primary/tui.go:443.2,443.12 1 0
github.com/nxdir-s/grl/internal/adapters/primary/tui.go:446.123,447.26 1 0
github.com/nxdir-s/grl/internal/adapters/primary/tui.go:447.26,452.3 3 0
github.com/nxdir-s/grl/internal/adapters/primary/tui.go:454.2,454.64 1 0
github.com/nxdir-s/grl/internal/adapters/primary/tui.go:454.64,457.3 2 0
github.com/nxdir-s/grl/internal/adapters/primary/tui.go:459.2,460.16 2 0
github.com/nxdir-s/grl/internal/adapters/primary/tui.go:460.16,463.3 2 0
github.com/nxdir-s/grl/internal/adapters/primary/tui.go:465.2,465.25 1 0
github.com/nxdir-s/grl/internal/adapters/primary/tui.go:468.100,469.26 1 0
github.com/nxdir-s/grl/internal/adapters/primary/tui.go:469.26,474.3 3 0
github.com/nxdir-s/grl/internal/adapters/primary/tui.go:476.2,476.54 1 0
github.com/nxdir-s/grl/internal/adapters/primary/tui.go:476.54,479.3 2 0
github.com/nxdir-s/grl/internal/adapters/primary/tui.go:481.2,482.16 2 0
github.com/nxdir-s/grl/internal/adapters/primary/tui.go:482.16,485.3 2 0
github.com/nxdir-s/grl/internal/adapters/primary/tui.go:487.2,487.25 1 0
github.com/nxdir-s/grl/internal/adapters/primary/tui.go:490.113,491.26 1 0
github.com/nxdir-s/grl/internal/adapters/primary/tui.go:491.26,496.3 3 0
github.com/nxdir-s/grl/internal/adapters/primary/tui.go:498.2,498.60 1 0
github.com/nxdir-s/grl/internal/adapters/primary/tui.go:498.60,501.3 2 0
github.com/nxdir-s/grl/internal/adapters/primary/tui.go:503.2,504.16 2 0
github.com/nxdir-s/grl/internal/adapters/primary/tui.go:504.16,507.3 2 0
github.com/nxdir-s/grl/internal/adapters/primary/tui.go:509.2,509.25 1 0
github.com/nxdir-s/grl/internal/adapters/primary/tui.go:512.88,513.26 1 0
github.com/nxdir-s/grl/internal/adapters/primary/tui.go:513.26,518.3 3 0
github.com/nxdir-s/grl/internal/adapters/primary/tui.go:520.2,521.16 2 0
github.com/nxdir-s/grl/internal/adapters/primary/tui.go:521.16,524.3 2 0
github.com/nxdir-s/grl/internal/adapters/primary/tui.go:526.2,526.25 1 0
github.com/nxdir-s/grl/internal/adapters/primary/tui.go:529.125,530.26 1 0
github.com/nxdir-s/grl/internal/adapters/primary/tui.go:530.26,539.3 3 0
github.com/nxdir-s/grl/internal/adapters/primary/tui.go:541.2,541.82 1 0
github.com/nxdir-s/grl/internal/adapters/primary/tui.go:541.82,549.3 2 0
github.com/nxdir-s/grl/internal/adapters/primary/tui.go:551.2,552.16 2 0
github.com/nxdir-s/grl/internal/adapters/primary/tui.go:552.16,560.3 2 0
github.com/nxdir-s/grl/internal/adapters/primary/tui.go:562.2,562.25 1 0
github.com/nxdir-s/grl/internal/adapters/primary/tui.go:565.103,566.27 1 0
github.com/nxdir-s/grl/internal/adapters/primary/tui.go:566.27,571.3 3 0
github.com/nxdir-s/grl/internal/adapters/primary/tui.go:573.2,573.20 1 0
github.com/nxdir-s/grl/internal/adapters/primary/tui.go:573.20,578.3 3 0
github.com/nxdir-s/grl/internal/adapters/primary/tui.go:580.2,581.16 2 0
github.com/nxdir-s/grl/internal/adapters/primary/tui.go:581.16,584.3 2 0
github.com/nxdir-s/grl/internal/adapters/primary/tui.go:586.2,586.25 1 0
github.com/nxdir-s/grl/internal/adapters/primary/tui.go:589.90,590.27 1 0
github.com/nxdir-s/grl/internal/adapters/primary/tui.go:590.27,595.3 3 0
github.com/nxdir-s/grl/internal/adapters/primary/tui.go:597.2,598.16 2 0
github.com/nxdir-s/grl/internal/adapters/primary/tui.go:598.16,601.3 2 0
github.com/nxdir-s/grl/internal/adapters/primary/tui.go:603.2,603.26 1 0
github.com/nxdir-s/grl/internal/adapters/primary/tui.go:606.98,607.27 1 0
github.com/nxdir-s/grl/internal/adapters/primary/tui.go:607.27,612.3 3 0
github.com/nxdir-s/grl/internal/adapters/primary/tui.go:614.2,614.18 1 0
github.com/nxdir-s/grl/internal/adapters/primary/tui.go:614.18,619.3 3 0
github.com/nxdir-s/grl/internal/adapters/primary/tui.go:621.2,622.16 2 0
github.com/nxdir-s/grl/internal/adapters/primary/tui.go:622.16,625.3 2 0
github.com/nxdir-s/grl/internal/adapters/primary/tui.go:627.2,627.25 1 0
github.com/nxdir-s/grl/internal/adapters/primary/tui.go:630.90,631.27 1 0
github.com/nxdir-s/grl/internal/adapters/primary/tui.go:631.27,636.3 3 0
github.com/nxdir-s/grl/internal/adapters/primary/tui.go:638.2,638.16 1 0
github.com/nxdir-s/grl/internal/adapters/primary/tui.go:638.16,643.3 3 0
github.com/nxdir-s/grl/internal/adapters/primary/tui.go:645.2,645.26 1 0
github.com/nxdir-s/grl/internal/adapters/primary/tui.go:645.26,647.3 1 0
github.com/nxdir-s/grl/internal/adapters/primary/tui.go:649.2,649.54 1 0
github.com/nxdir-s/grl/internal/adapters/primary/tui.go:649.54,652.3 2 0
github.com/nxdir-s/grl/internal/adapters/primary/tui.go:654.2,654.12 1 0
github.com/nxdir-s/grl/internal/adapters/primary/tui.go:657.78,658.27 1 0
github.com/nxdir-s/grl/internal/adapters/primary/tui.go:658.27,663.3 3 0
github.com/nxdir-s/grl/internal/adapters/primary/tui.go:665.2,665.18 1 0
github.com/nxdir-s/grl/internal/adapters/primary/tui.go:665.18,670.3 3 0
github.com/nxdir-s/grl/internal/adapters/primary/tui.go:672.2,672.55 1 0
github.com/nxdir-s/grl/internal/adapters/primary/tui.go:672.55,675.3 2 0
github.com/nxdir-s/grl/internal/adapters/primary/tui.go:677.2,677.12 1 0
github.com/nxdir-s/grl/internal/adapters/primary/tui.go:680.93,681.27 1 0
github.com/nxdir-s/grl/internal/adapters/primary/tui.go:681.27,686.3 3 0
github.com/nxdir-s/grl/internal/adapters/primary/tui.go:688.2,689.16 2 0
github.com/nxdir-s/grl/internal/adapters/primary/tui.go:689.16,693.3 2 0
github.com/nxdir-s/grl/internal/adapters/primary/tui.go:695.2,695.17 1 0
github.com/nxdir-s/grl/internal/adapters/primary/tui.go:698.81,699.27 1 0
github.com/nxdir-s/grl/internal/adapters/primary/tui.go:699.27,704.3 3 0
github.com/nxdir-s/grl/internal/adapters/primary/tui.go:706.2,706.18 1 0
github.com/nxdir-s/grl/internal/adapters/primary/tui.go:706.18,711.3 3 0
github.com/nxdir-s/grl/internal/adapters/primary/tui.go:713.2,713.58 1 0
github.com/nxdir-s/grl/internal/adapters/primary/tui.go:713.58,716.3 2 0
github.com/nxdir-s/grl/internal/adapters/primary/tui.go:718.2,718.12 1 0
github.com/nxdir-s/grl/internal/adapters/primary/tui.go:721.87,722.27 1 0
github.com/nxdir-s/grl/internal/adapters/primary/tui.go:722.27,727.3 3 0
github.com/nxdir-s/grl/internal/adapters/primary/tui.go:729.2,729.44 1 0
github.com/nxdir-s/grl/internal/adapters/primary/tui.go:732.68,733.22 1 0
github.com/nxdir-s/grl/internal/adapters/primary/tui.go:733.22,738.3 3 0
github.com/nxdir-s/grl/internal/adapters/primary/tui.go:740.2,741.16 2 0
github.com/nxdir-s/grl/internal/adapters/primary/tui.go:741.16,743.3 1 0
github.com/nxdir-s/grl/internal/adapters/primary/tui.go:745.2,745.19 1 0
github.com/nxdir-s/grl/internal/adapters/primary/tui.go:745.19,747.3 1 0
github.com/nxdir-s/grl/internal/adapters/primary/tui.go:749.2,749.15 1 0
github.com/nxdir-s/grl/internal/adapters/primary/tui.go:752.80,753.22 1 0
github.com/nxdir-s/grl/internal/adapters/primary/tui.go:753.22,758.3 3 0
github.com/nxdir-s/grl/internal/adapters/primary/tui.go:760.2,760.16 1 0
github.com/nxdir-s/grl/internal/adapters/primary/tui.go:760.16,765.3 3 0
github.com/nxdir-s/grl/internal/adapters/primary/tui.go:767.2,767.49 1 0
github.com/nxdir-s/grl/internal/adapters/primary/tui.go:767.49,770.3 2 0
github.com/nxdir-s/grl/internal/adapters/primary/tui.go:772.2,772.12 1 0
github.com/nxdir-s/grl/internal/adapters/primary/tui.go:775.52,776.24 1 0
github.com/nxdir-s/grl/internal/adapters/primary/tui.go:776.24,781.3 3 0
github.com/nxdir-s/grl/internal/adapters/primary/tui.go:783.2,783.17 1 0
github.com/nxdir-s/grl/internal/adapters/primary/tui.go:783.17,785.3 1 0
github.com/nxdir-s/grl/internal/adapters/primary/tui.go:787.2,787.36 1 0
github.com/nxdir-s/grl/internal/adapters/primary/tui.go:790.54,791.24 1 0
github.com/nxdir-s/grl/internal/adapters/primary/tui.go:791.24,796.3 3 0
github.com/nxdir-s/grl/internal/adapters/primary/tui.go:798.2,798.44 1 0
github.com/nxdir-s/grl/internal/adapters/primary/tui.go:798.44,801.3 2 0
github.com/nxdir-s/grl/internal/adapters/primary/tui.go:803.2,803.12 1 0
github.com/nxdir-s/grl/internal/adapters/primary/tui.go:806.42,808.2 1 0
github.com/nxdir-s/grl/internal/core/domain/auth.go:18.22,20.2 1 0
github.com/nxdir-s/grl/internal/core/domain/auth.go:22.59,25.26 2 0
github.com/nxdir-s/grl/internal/core/domain/auth.go:25.26,28.3 2 0
github.com/nxdir-s/grl/internal/core/domain/auth.go:30.2,30.25 1 0
github.com/nxdir-s/grl/internal/core/domain/auth.go:30.25,33.3 2 0
github.com/nxdir-s/grl/internal/core/domain/auth.go:35.2,35.23 1 0
github.com/nxdir-s/grl/internal/core/domain/auth.go:36.24,37.65 1 0
github.com/nxdir-s/grl/internal/core/domain/auth.go:37.65,39.4 1 0
github.com/nxdir-s/grl/internal/core/domain/auth.go:41.3,48.5 3 0
github.com/nxdir-s/grl/internal/core/domain/auth.go:49.25,50.31 1 0
github.com/nxdir-s/grl/internal/core/domain/auth.go:50.31,52.4 1 0
github.com/nxdir-s/grl/internal/core/domain/auth.go:54.3,58.5 1 0
github.com/nxdir-s/grl/internal/core/domain/auth.go:59.25,60.36 1 0
github.com/nxdir-s/grl/internal/core/domain/auth.go:60.36,62.4 1 0
github.com/nxdir-s/grl/internal/core/domain/auth.go:64.3,64.10 1 0
github.com/nxdir-s/grl/internal/core/domain/auth.go:65.50,70.6 1 0
github.com/nxdir-s/grl/internal/core/domain/auth.go:71.11,76.6 1 0
github.com/nxdir-s/grl/internal/core/domain/auth.go:80.2,80.13 1 0
github.com/nxdir-s/grl/internal/core/domain/clipboard.go:7.32,9.2 1 0
github.com/nxdir-s/grl/internal/core/domain/clipboard.go:11.42,13.2 1 0
github.com/nxdir-s/grl/internal/core/domain/collections.go:13.45,15.2 1 0
github.com/nxdir-s/grl/internal/core/domain/collections.go:21.67,25.2 1 0
github.com/nxdir-s/grl/internal/core/domain/collections.go:27.113,33.56 2 0
github.com/nxdir-s/grl/internal/core/domain/collections.go:33.56,35.3 1 0
github.com/nxdir-s/grl/internal/core/domain/collections.go:37.2,37.16 1 0
github.com/nxdir-s/grl/internal/core/domain/collections.go:37.16,38.63 1 0
github.com/nxdir-s/grl/internal/core/domain/collections.go:38.63,40.4 1 0
github.com/nxdir-s/grl/internal/core/domain/collections.go:43.2,43.24 1 0
github.com/nxdir-s/grl/internal/core/domain/collections.go:46.81,48.16 2 0
github.com/nxdir-s/grl/internal/core/domain/collections.go:48.16,50.3 1 0
github.com/nxdir-s/grl/internal/core/domain/collections.go:52.2,54.56 2 0
github.com/nxdir-s/grl/internal/core/domain/collections.go:54.56,56.3 1 0
github.com/nxdir-s/grl/internal/core/domain/collections.go:58.2,58.12 1 0
github.com/nxdir-s/grl/internal/core/domain/collections.go:61.78,63.2 1 0
github.com/nxdir-s/grl/internal/core/domain/collections.go:65.68,67.2 1 0
github.com/nxdir-s/grl/internal/core/domain/collections.go:69.93,71.16 2 0
github.com/nxdir-s/grl/internal/core/domain/collections.go:71.16,73.3 1 0
github.com/nxdir-s/grl/internal/core/domain/collections.go:75.2,75.22 1 0
github.com/nxdir-s/grl/internal/core/domain/collections.go:75.22,77.3 1 0
github.com/nxdir-s/grl/internal/core/domain/collections.go:79.2,79.24 1 0
github.com/nxdir-s/grl/internal/core/domain/collections.go:79.24,81.3 1 0
github.com/nxdir-s/grl/internal/core/domain/collections.go:83.2,85.40 2 0
github.com/nxdir-s/grl/internal/core/domain/collections.go:88.103,90.16 2 0
github.com/nxdir-s/grl/internal/core/domain/collections.go:90.16,92.3 1 0
github.com/nxdir-s/grl/internal/core/domain/collections.go:94.2,94.37 1 0
github.com/nxdir-s/grl/internal/core/domain/collections.go:94.37,95.45 1 0
github.com/nxdir-s/grl/internal/core/domain/collections.go:95.45,99.4 2 0
github.com/nxdir-s/grl/internal/core/domain/collections.go:102.2,102.30 1 0
github.com/nxdir-s/grl/internal/core/domain/collections.go:105.43,107.2 1 0
github.com/nxdir-s/grl/internal/core/domain/configs.go:22.55,26.2 1 0
github.com/nxdir-s/grl/internal/core/domain/configs.go:28.68,30.16 2 0
github.com/nxdir-s/grl/internal/core/domain/configs.go:30.16,32.3 1 0
github.com/nxdir-s/grl/internal/core/domain/configs.go:34.2,34.19 1 0
github.com/nxdir-s/grl/internal/core/domain/configs.go:34.19,36.3 1 0
github.com/nxdir-s/grl/internal/core/domain/configs.go:38.2,40.36 2 0
github.com/nxdir-s/grl/internal/core/domain/configs.go:40.36,42.3 1 0
github.com/nxdir-s/grl/internal/core/domain/configs.go:44.2,44.32 1 0
github.com/nxdir-s/grl/internal/core/domain/configs.go:44.32,46.3 1 0
github.com/nxdir-s/grl/internal/core/domain/configs.go:48.2,48.30 1 0
github.com/nxdir-s/grl/internal/core/domain/configs.go:48.30,50.3 1 0
github.com/nxdir-s/grl/internal/core/domain/configs.go:52.2,52.20 1 0
github.com/nxdir-s/grl/internal/core/domain/configs.go:55.71,57.2 1 0
github.com/nxdir-s/grl/internal/core/domain/configs.go:59.45,61.2 1 0
github.com/nxdir-s/grl/internal/core/domain/configs.go:63.50,71.2 1 0
github.com/nxdir-s/grl/internal/core/domain/curl.go:15.32,17.2 1 0
github.com/nxdir-s/grl/internal/core/domain/curl.go:19.56,24.61 4 0
github.com/nxdir-s/grl/internal/core/domain/curl.go:24.61,27.3 2 0
github.com/nxdir-s/grl/internal/core/domain/curl.go:29.2,29.29 1 0
github.com/nxdir-s/grl/internal/core/domain/curl.go:29.29,30.62 1 0
github.com/nxdir-s/grl/internal/core/domain/curl.go:30.62,31.12 1 0
github.com/nxdir-s/grl/internal/core/domain/curl.go:34.3,35.80 2 0
github.com/nxdir-s/grl/internal/core/domain/curl.go:38.2,38.22 1 0
github.com/nxdir-s/grl/internal/core/domain/curl.go:39.30,40.33 1 0
github.com/nxdir-s/grl/internal/core/domain/curl.go:40.33,41.69 1 0
github.com/nxdir-s/grl/internal/core/domain/curl.go:41.69,42.13 1 0
github.com/nxdir-s/grl/internal/core/domain/curl.go:45.4,46.86 2 0
github.com/nxdir-s/grl/internal/core/domain/curl.go:48.31,49.33 1 0
github.com/nxdir-s/grl/internal/core/domain/curl.go:49.33,50.69 1 0
github.com/nxdir-s/grl/internal/core/domain/curl.go:50.69,51.13 1 0
github.com/nxdir-s/grl/internal/core/domain/curl.go:54.4,55.86 2 0
github.com/nxdir-s/grl/internal/core/domain/curl.go:57.10,58.25 1 0
github.com/nxdir-s/grl/internal/core/domain/curl.go:58.25,61.4 2 0
github.com/nxdir-s/grl/internal/core/domain/curl.go:64.2,67.22 3 0
github.com/nxdir-s/grl/internal/core/domain/curl.go:67.22,70.10 2 0
github.com/nxdir-s/grl/internal/core/domain/curl.go:71.40,72.24 1 0
github.com/nxdir-s/grl/internal/core/domain/curl.go:73.11,74.24 1 0
github.com/nxdir-s/grl/internal/core/domain/curl.go:78.2,81.19 3 0
github.com/nxdir-s/grl/internal/core/domain/curl.go:84.83,87.24 2 0
github.com/nxdir-s/grl/internal/core/domain/curl.go:87.24,88.51 1 0
github.com/nxdir-s/grl/internal/core/domain/curl.go:88.51,90.4 1 0
github.com/nxdir-s/grl/internal/core/domain/curl.go:93.2,93.12 1 0
github.com/nxdir-s/grl/internal/core/domain/curl.go:96.69,99.24 2 0
github.com/nxdir-s/grl/internal/core/domain/curl.go:99.24,101.3 1 0
github.com/nxdir-s/grl/internal/core/domain/curl.go:103.2,103.19 1 0
github.com/nxdir-s/grl/internal/core/domain/curl.go:106.49,108.2 1 0
github.com/nxdir-s/grl/internal/core/domain/curl.go:110.63,114.16 3 0
github.com/nxdir-s/grl/internal/core/domain/curl.go:114.16,116.3 1 0
github.com/nxdir-s/grl/internal/core/domain/curl.go:118.2,118.22 1 0
github.com/nxdir-s/grl/internal/core/domain/curl.go:118.22,120.3 1 0
github.com/nxdir-s/grl/internal/core/domain/curl.go:122.2,122.25 1 0
github.com/nxdir-s/grl/internal/core/domain/curl.go:122.25,124.3 1 0
github.com/nxdir-s/grl/internal/core/domain/curl.go:126.2,130.35 2 0
github.com/nxdir-s/grl/internal/core/domain/curl.go:130.35,132.16 2 0
github.com/nxdir-s/grl/internal/core/domain/curl.go:132.16,133.12 1 0
github.com/nxdir-s/grl/internal/core/domain/curl.go:137.3,139.33 2 0
github.com/nxdir-s/grl/internal/core/domain/curl.go:139.33,140.13 1 0
github.com/nxdir-s/grl/internal/core/domain/curl.go:140.13,142.5 1 0
github.com/nxdir-s/grl/internal/core/domain/curl.go:144.4,144.26 1 0
github.com/nxdir-s/grl/internal/core/domain/curl.go:144.26,146.5 1 0
github.com/nxdir-s/grl/internal/core/domain/curl.go:148.4,150.26 2 0
github.com/nxdir-s/grl/internal/core/domain/curl.go:153.3,153.19 1 0
github.com/nxdir-s/grl/internal/core/domain/curl.go:154.26,155.27 1 0
github.com/nxdir-s/grl/internal/core/domain/curl.go:155.27,157.5 1 0
github.com/nxdir-s/grl/internal/core/domain/curl.go:158.25,159.27 1 0
github.com/nxdir-s/grl/internal/core/domain/curl.go:159.27,160.52 1 0
github.com/nxdir-s/grl/internal/core/domain/curl.go:160.52,166.6 1 0
github.com/nxdir-s/grl/internal/core/domain/curl.go:168.70,169.27 1 0
github.com/nxdir-s/grl/internal/core/domain/curl.go:169.27,173.39 3 0
github.com/nxdir-s/grl/internal/core/domain/curl.go:173.39,175.6 1 0
github.com/nxdir-s/grl/internal/core/domain/curl.go:177.27,178.27 1 0
github.com/nxdir-s/grl/internal/core/domain/curl.go:178.27,187.39 4 0
github.com/nxdir-s/grl/internal/core/domain/curl.go:187.39,189.6 1 0
github.com/nxdir-s/grl/internal/core/domain/curl.go:191.40,192.27 1 0
github.com/nxdir-s/grl/internal/core/domain/curl.go:192.27,201.39 4 0
github.com/nxdir-s/grl/internal/core/domain/curl.go:201.39,203.6 1 0
github.com/nxdir-s/grl/internal/core/domain/curl.go:205.23,206.27 1 0
github.com/nxdir-s/grl/internal/core/domain/curl.go:206.27,214.5 2 0
github.com/nxdir-s/grl/internal/core/domain/curl.go:215.29,216.27 1 0
github.com/nxdir-s/grl/internal/core/domain/curl.go:216.27,220.5 1 0
github.com/nxdir-s/grl/internal/core/domain/curl.go:221.25,222.27 1 0
github.com/nxdir-s/grl/internal/core/domain/curl.go:222.27,226.5 1 0
github.com/nxdir-s/grl/internal/core/domain/curl.go:227.16,228.27 1 0
github.com/nxdir-s/grl/internal/core/domain/curl.go:228.27,230.5 1 0
github.com/nxdir-s/grl/internal/core/domain/curl.go:231.11,233.50 1 0
github.com/nxdir-s/grl/internal/core/domain/curl.go:233.50,236.66 1 0
github.com/nxdir-s/grl/internal/core/domain/curl.go:236.66,238.6 1 0
github.com/nxdir-s/grl/internal/core/domain/curl.go:240.5,240.13 1 0
github.com/nxdir-s/grl/internal/core/domain/curl.go:244.4,244.25 1 0
github.com/nxdir-s/grl/internal/core/domain/curl.go:244.25,246.5 1 0
github.com/nxdir-s/grl/internal/core/domain/curl.go:250.2,250.23 1 0
github.com/nxdir-s/grl/internal/core/domain/curl.go:250.23,252.3 1 0
github.com/nxdir-s/grl/internal/core/domain/curl.go:254.2,257.17 3 0
github.com/nxdir-s/grl/internal/core/domain/curl.go:260.60,261.65 1 0
github.com/nxdir-s/grl/internal/core/domain/curl.go:261.65,263.3 1 0
github.com/nxdir-s/grl/internal/core/domain/curl.go:265.2,265.29 1 0
github.com/nxdir-s/grl/internal/core/domain/curl.go:265.29,266.62 1 0
github.com/nxdir-s/grl/internal/core/domain/curl.go:266.62,267.12 1 0
github.com/nxdir-s/grl/internal/core/domain/curl.go:270.3,271.65 2 0
github.com/nxdir-s/grl/internal/core/domain/curl.go:271.65,280.4 3 0
github.com/nxdir-s/grl/internal/core/domain/curl.go:284.61,286.40 2 0
github.com/nxdir-s/grl/internal/core/domain/curl.go:286.40,288.3 1 0
github.com/nxdir-s/grl/internal/core/domain/curl.go:290.2,290.37 1 0
github.com/nxdir-s/grl/internal/core/domain/curl.go:290.37,291.25 1 0
github.com/nxdir-s/grl/internal/core/domain/curl.go:291.25,297.4 1 0
github.com/nxdir-s/grl/internal/core/domain/curl.go:300.2,301.22 2 0
github.com/nxdir-s/grl/internal/core/domain/curl.go:304.88,305.34 1 0
github.com/nxdir-s/grl/internal/core/domain/curl.go:305.34,306.42 1 0
github.com/nxdir-s/grl/internal/core/domain/curl.go:306.42,308.4 1 0
github.com/nxdir-s/grl/internal/core/domain/curl.go:311.2,311.23 1 0
github.com/nxdir-s/grl/internal/core/domain/curl.go:315.46,320.2 3 0
github.com/nxdir-s/grl/internal/core/domain/curl.go:325.43,334.18 2 0
github.com/nxdir-s/grl/internal/core/domain/curl.go:334.18,335.31 1 0
github.com/nxdir-s/grl/internal/core/domain/curl.go:335.31,339.4 3 0
github.com/nxdir-s/grl/internal/core/domain/curl.go:342.2,342.30 1 0
github.com/nxdir-s/grl/internal/core/domain/curl.go:342.30,344.10 2 0
github.com/nxdir-s/grl/internal/core/domain/curl.go:345.13,346.18 1 0
github.com/nxdir-s/grl/internal/core/domain/curl.go:346.18,349.13 3 0
github.com/nxdir-s/grl/internal/core/domain/curl.go:352.4,352.21 1 0
github.com/nxdir-s/grl/internal/core/domain/curl.go:353.13,354.34 1 0
github.com/nxdir-s/grl/internal/core/domain/curl.go:354.34,356.67 2 0
github.com/nxdir-s/grl/internal/core/domain/curl.go:356.67,359.14 3 0
github.com/nxdir-s/grl/internal/core/domain/curl.go:363.4,363.17 1 0
github.com/nxdir-s/grl/internal/core/domain/curl.go:363.17,366.13 3 0
github.com/nxdir-s/grl/internal/core/domain/curl.go:369.4,369.21 1 0
github.com/nxdir-s/grl/internal/core/domain/curl.go:370.11,371.18 1 0
github.com/nxdir-s/grl/internal/core/domain/curl.go:371.18,374.13 3 0
github.com/nxdir-s/grl/internal/core/domain/curl.go:377.4,377.17 1 0
github.com/nxdir-s/grl/internal/core/domain/curl.go:377.17,380.13 3 0
github.com/nxdir-s/grl/internal/core/domain/curl.go:383.4,383.34 1 0
github.com/nxdir-s/grl/internal/core/domain/curl.go:383.34,386.13 3 0
github.com/nxdir-s/grl/internal/core/domain/curl.go:389.4,389.59 1 0
github.com/nxdir-s/grl/internal/core/domain/curl.go:389.59,391.13 2 0
github.com/nxdir-s/grl/internal/core/domain/curl.go:394.4,394.21 1 0
github.com/nxdir-s/grl/internal/core/domain/curl.go:398.2,398.18 1 0
github.com/nxdir-s/grl/internal/core/domain/curl.go:398.18,400.3 1 0
github.com/nxdir-s/grl/internal/core/domain/curl.go:402.2,404.20 2 0
github.com/nxdir-s/grl/internal/core/domain/environments.go:15.93,20.2 1 0
github.com/nxdir-s/grl/internal/core/domain/environments.go:22.105,29.49 2 0
github.com/nxdir-s/grl/internal/core/domain/environments.go:29.49,31.3 1 0
github.com/nxdir-s/grl/internal/core/domain/environments.go:33.2,33.17 1 0
github.com/nxdir-s/grl/internal/core/domain/environments.go:36.80,38.2 1 0
github.com/nxdir-s/grl/internal/core/domain/environments.go:40.89,42.2 1 0
github.com/nxdir-s/grl/internal/core/domain/environments.go:44.81,46.2 1 0
github.com/nxdir-s/grl/internal/core/domain/environments.go:48.69,50.16 2 0
github.com/nxdir-s/grl/internal/core/domain/environments.go:50.16,52.3 1 0
github.com/nxdir-s/grl/internal/core/domain/environments.go:54.2,54.27 1 0
github.com/nxdir-s/grl/internal/core/domain/environments.go:54.27,57.50 2 0
github.com/nxdir-s/grl/internal/core/domain/environments.go:57.50,59.4 1 0
github.com/nxdir-s/grl/internal/core/domain/environments.go:62.2,62.34 1 0
github.com/nxdir-s/grl/internal/core/domain/environments.go:65.84,67.16 2 0
github.com/nxdir-s/grl/internal/core/domain/environments.go:67.16,69.3 1 0
github.com/nxdir-s/grl/internal/core/domain/environments.go:71.2,71.31 1 0
github.com/nxdir-s/grl/internal/core/domain/environments.go:71.31,73.3 1 0
github.com/nxdir-s/grl/internal/core/domain/environments.go:75.2,76.16 2 0
github.com/nxdir-s/grl/internal/core/domain/environments.go:76.16,78.3 1 0
github.com/nxdir-s/grl/internal/core/domain/environments.go:80.2,80.17 1 0
github.com/nxdir-s/grl/internal/core/domain/environments.go:83.72,85.16 2 0
github.com/nxdir-s/grl/internal/core/domain/environments.go:85.16,87.3 1 0
github.com/nxdir-s/grl/internal/core/domain/environments.go:89.2,91.33 2 0
github.com/nxdir-s/grl/internal/core/domain/environments.go:94.74,96.16 2 0
github.com/nxdir-s/grl/internal/core/domain/environments.go:96.16,98.3 1 0
github.com/nxdir-s/grl/internal/core/domain/environments.go:100.2,100.16 1 0
github.com/nxdir-s/grl/internal/core/domain/environments.go:100.16,102.3 1 0
github.com/nxdir-s/grl/internal/core/domain/environments.go:104.2,104.22 1 0
github.com/nxdir-s/grl/internal/core/domain/format.go:18.32,20.2 1 0
github.com/nxdir-s/grl/internal/core/domain/format.go:22.51,27.17 4 0
github.com/nxdir-s/grl/internal/core/domain/format.go:27.17,30.10 2 0
github.com/nxdir-s/grl/internal/core/domain/format.go:31.17,34.21 2 0
github.com/nxdir-s/grl/internal/core/domain/format.go:34.21,35.41 1 0
github.com/nxdir-s/grl/internal/core/domain/format.go:35.41,37.14 2 0
github.com/nxdir-s/grl/internal/core/domain/format.go:40.5,40.22 1 0
github.com/nxdir-s/grl/internal/core/domain/format.go:40.22,41.11 1 0
github.com/nxdir-s/grl/internal/core/domain/format.go:44.5,44.10 1 0
github.com/nxdir-s/grl/internal/core/domain/format.go:47.4,47.21 1 0
github.com/nxdir-s/grl/internal/core/domain/format.go:47.21,51.5 2 0
github.com/nxdir-s/grl/internal/core/domain/format.go:53.4,57.52 3 0
github.com/nxdir-s/grl/internal/core/domain/format.go:57.52,59.5 1 0
github.com/nxdir-s/grl/internal/core/domain/format.go:61.4,61.33 1 0
github.com/nxdir-s/grl/internal/core/domain/format.go:61.33,63.5 1 0
github.com/nxdir-s/grl/internal/core/domain/format.go:63.10,65.5 1 0
github.com/nxdir-s/grl/internal/core/domain/format.go:67.4,69.15 3 0
github.com/nxdir-s/grl/internal/core/domain/format.go:71.43,73.16 2 0
github.com/nxdir-s/grl/internal/core/domain/format.go:73.16,75.5 1 0
github.com/nxdir-s/grl/internal/core/domain/format.go:77.4,77.21 1 0
github.com/nxdir-s/grl/internal/core/domain/format.go:77.21,79.91 2 0
github.com/nxdir-s/grl/internal/core/domain/format.go:79.91,81.14 2 0
github.com/nxdir-s/grl/internal/core/domain/format.go:84.5,84.10 1 0
github.com/nxdir-s/grl/internal/core/domain/format.go:87.4,90.11 4 0
github.com/nxdir-s/grl/internal/core/domain/format.go:92.53,96.10 4 0
github.com/nxdir-s/grl/internal/core/domain/format.go:98.54,102.10 4 0
github.com/nxdir-s/grl/internal/core/domain/format.go:104.53,108.10 4 0
github.com/nxdir-s/grl/internal/core/domain/format.go:110.77,114.7 4 0
github.com/nxdir-s/grl/internal/core/domain/format.go:116.11,118.7 2 0
github.com/nxdir-s/grl/internal/core/domain/format.go:122.2,122.21 1 0
github.com/nxdir-s/grl/internal/core/domain/history.go:14.56,18.2 1 0
github.com/nxdir-s/grl/internal/core/domain/history.go:20.87,22.16 2 0
github.com/nxdir-s/grl/internal/core/domain/history.go:22.16,24.3 1 0
github.com/nxdir-s/grl/internal/core/domain/history.go:26.2,26.56 1 0
github.com/nxdir-s/grl/internal/core/domain/history.go:26.56,28.3 1 0
github.com/nxdir-s/grl/internal/core/domain/history.go:30.2,30.39 1 0
github.com/nxdir-s/grl/internal/core/domain/history.go:30.39,32.3 1 0
github.com/nxdir-s/grl/internal/core/domain/history.go:34.2,34.21 1 0
github.com/nxdir-s/grl/internal/core/domain/history.go:37.97,39.16 2 0
github.com/nxdir-s/grl/internal/core/domain/history.go:39.16,41.3 1 0
github.com/nxdir-s/grl/internal/core/domain/history.go:43.2,45.24 2 0
github.com/nxdir-s/grl/internal/core/domain/history.go:45.24,47.3 1 0
github.com/nxdir-s/grl/internal/core/domain/history.go:49.2,49.53 1 0
github.com/nxdir-s/grl/internal/core/domain/history.go:49.53,51.3 1 0
github.com/nxdir-s/grl/internal/core/domain/history.go:53.2,53.12 1 0
github.com/nxdir-s/grl/internal/core/domain/history.go:56.69,58.16 2 0
github.com/nxdir-s/grl/internal/core/domain/history.go:58.16,60.3 1 0
github.com/nxdir-s/grl/internal/core/domain/history.go:62.2,64.25 2 0
github.com/nxdir-s/grl/internal/core/domain/history.go:64.25,65.26 1 0
github.com/nxdir-s/grl/internal/core/domain/history.go:65.26,67.4 1 0
github.com/nxdir-s/grl/internal/core/domain/history.go:70.2,70.49 1 0
github.com/nxdir-s/grl/internal/core/domain/history.go:70.49,72.3 1 0
github.com/nxdir-s/grl/internal/core/domain/history.go:74.2,74.12 1 0
github.com/nxdir-s/grl/internal/core/domain/requests.go:14.40,16.2 1 0
github.com/nxdir-s/grl/internal/core/domain/requests.go:20.43,22.2 1 0
github.com/nxdir-s/grl/internal/core/domain/requests.go:28.40,30.2 1 0
github.com/nxdir-s/grl/internal/core/domain/requests.go:41.143,57.2 1 0
github.com/nxdir-s/grl/internal/core/domain/requests.go:59.93,63.40 3 0
github.com/nxdir-s/grl/internal/core/domain/requests.go:63.40,65.3 1 0
github.com/nxdir-s/grl/internal/core/domain/requests.go:67.2,68.16 2 0
github.com/nxdir-s/grl/internal/core/domain/requests.go:68.16,70.3 1 0
github.com/nxdir-s/grl/internal/core/domain/requests.go:72.2,76.16 4 0
github.com/nxdir-s/grl/internal/core/domain/requests.go:76.16,78.3 1 0
github.com/nxdir-s/grl/internal/core/domain/requests.go:80.2,80.18 1 0
github.com/nxdir-s/grl/internal/core/domain/requests.go:83.56,84.23 1 0
github.com/nxdir-s/grl/internal/core/domain/requests.go:84.23,86.3 1 0
github.com/nxdir-s/grl/internal/core/domain/requests.go:88.2,88.32 1 0
github.com/nxdir-s/grl/internal/core/domain/requests.go:88.32,90.3 1 0
github.com/nxdir-s/grl/internal/core/domain/requests.go:92.2,92.56 1 0
github.com/nxdir-s/grl/internal/core/domain/requests.go:92.56,94.3 1 0
github.com/nxdir-s/grl/internal/core/domain/requests.go:96.2,96.12 1 0
github.com/nxdir-s/grl/internal/core/domain/requests.go:99.89,101.16 2 0
github.com/nxdir-s/grl/internal/core/domain/requests.go:101.16,103.3 1 0
github.com/nxdir-s/grl/internal/core/domain/requests.go:105.2,107.24 2 0
github.com/nxdir-s/grl/internal/core/domain/requests.go:107.24,108.51 1 0
github.com/nxdir-s/grl/internal/core/domain/requests.go:108.51,110.4 1 0
github.com/nxdir-s/grl/internal/core/domain/requests.go:113.2,115.24 2 0
github.com/nxdir-s/grl/internal/core/domain/requests.go:118.63,119.32 1 0
github.com/nxdir-s/grl/internal/core/domain/requests.go:119.32,120.34 1 0
github.com/nxdir-s/grl/internal/core/domain/requests.go:120.34,122.4 1 0
github.com/nxdir-s/grl/internal/core/domain/requests.go:125.2,125.14 1 0
github.com/nxdir-s/grl/internal/core/domain/substitutions.go:14.40,18.2 1 0
github.com/nxdir-s/grl/internal/core/domain/substitutions.go:20.79,21.20 1 0
github.com/nxdir-s/grl/internal/core/domain/substitutions.go:21.20,23.3 1 0
github.com/nxdir-s/grl/internal/core/domain/substitutions.go:25.2,25.74 1 0
github.com/nxdir-s/grl/internal/core/domain/substitutions.go:25.74,27.17 2 0
github.com/nxdir-s/grl/internal/core/domain/substitutions.go:27.17,29.4 1 0
github.com/nxdir-s/grl/internal/core/domain/substitutions.go:31.3,31.30 1 0
github.com/nxdir-s/grl/internal/core/domain/substitutions.go:31.30,33.4 1 0
github.com/nxdir-s/grl/internal/core/domain/substitutions.go:35.3,35.15 1 0
github.com/nxdir-s/grl/internal/core/domain/substitutions.go:39.104,59.29 2 0
github.com/nxdir-s/grl/internal/core/domain/substitutions.go:59.29,65.3 1 0
github.com/nxdir-s/grl/internal/core/domain/substitutions.go:67.2,67.28 1 0
github.com/nxdir-s/grl/internal/core/domain/substitutions.go:67.28,73.3 1 0
github.com/nxdir-s/grl/internal/core/domain/substitutions.go:75.2,75.12 1 0
github.com/nxdir-s/grl/internal/adapters/primary/tui.go:27.39,29.2 1 0
github.com/nxdir-s/grl/internal/adapters/primary/tui.go:33.36,35.2 1 0
github.com/nxdir-s/grl/internal/adapters/primary/tui.go:39.39,41.2 1 0
github.com/nxdir-s/grl/internal/adapters/primary/tui.go:45.40,47.2 1 0
github.com/nxdir-s/grl/internal/adapters/primary/tui.go:51.41,53.2 1 0
github.com/nxdir-s/grl/internal/adapters/primary/tui.go:57.32,59.2 1 0
github.com/nxdir-s/grl/internal/adapters/primary/tui.go:63.35,65.2 1 0
github.com/nxdir-s/grl/internal/adapters/primary/tui.go:71.41,73.2 1 0
github.com/nxdir-s/grl/internal/adapters/primary/tui.go:79.53,81.2 1 0
github.com/nxdir-s/grl/internal/adapters/primary/tui.go:87.43,89.2 1 0
github.com/nxdir-s/grl/internal/adapters/primary/tui.go:95.40,97.2 1 0
github.com/nxdir-s/grl/internal/adapters/primary/tui.go:103.48,105.2 1 0
github.com/nxdir-s/grl/internal/adapters/primary/tui.go:111.46,113.2 1 0
github.com/nxdir-s/grl/internal/adapters/primary/tui.go:119.46,121.2 1 0
github.com/nxdir-s/grl/internal/adapters/primary/tui.go:127.46,129.2 1 0
github.com/nxdir-s/grl/internal/adapters/primary/tui.go:135.45,137.2 1 0
github.com/nxdir-s/grl/internal/adapters/primary/tui.go:143.43,145.2 1 0
github.com/nxdir-s/grl/internal/adapters/primary/tui.go:151.47,153.2 1 0
github.com/nxdir-s/grl/internal/adapters/primary/tui.go:159.46,161.2 1 0
github.com/nxdir-s/grl/internal/adapters/primary/tui.go:167.44,169.2 1 0
github.com/nxdir-s/grl/internal/adapters/primary/tui.go:175.45,177.2 1 0
github.com/nxdir-s/grl/internal/adapters/primary/tui.go:183.47,185.2 1 0
github.com/nxdir-s/grl/internal/adapters/primary/tui.go:191.50,193.2 1 0
github.com/nxdir-s/grl/internal/adapters/primary/tui.go:199.50,201.2 1 0
github.com/nxdir-s/grl/internal/adapters/primary/tui.go:207.46,209.2 1 0
github.com/nxdir-s/grl/internal/adapters/primary/tui.go:215.39,217.2 1 0
github.com/nxdir-s/grl/internal/adapters/primary/tui.go:223.40,225.2 1 0
github.com/nxdir-s/grl/internal/adapters/primary/tui.go:231.45,233.2 1 0
github.com/nxdir-s/grl/internal/adapters/primary/tui.go:237.44,239.2 1 0
github.com/nxdir-s/grl/internal/adapters/primary/tui.go:243.42,245.2 1 0
github.com/nxdir-s/grl/internal/adapters/primary/tui.go:249.50,250.29 1 0
github.com/nxdir-s/grl/internal/adapters/primary/tui.go:250.29,252.3 1 0
github.com/nxdir-s/grl/internal/adapters/primary/tui.go:255.56,256.29 1 0
github.com/nxdir-s/grl/internal/adapters/primary/tui.go:256.29,258.3 1 0
github.com/nxdir-s/grl/internal/adapters/primary/tui.go:261.48,262.29 1 0
github.com/nxdir-s/grl/internal/adapters/primary/tui.go:262.29,264.3 1 0
github.com/nxdir-s/grl/internal/adapters/primary/tui.go:267.58,268.29 1 0
github.com/nxdir-s/grl/internal/adapters/primary/tui.go:268.29,270.3 1 0
github.com/nxdir-s/grl/internal/adapters/primary/tui.go:273.48,274.29 1 0
github.com/nxdir-s/grl/internal/adapters/primary/tui.go:274.29,276.3 1 0
github.com/nxdir-s/grl/internal/adapters/primary/tui.go:279.52,280.29 1 0
github.com/nxdir-s/grl/internal/adapters/primary/tui.go:280.29,282.3 1 0
github.com/nxdir-s/grl/internal/adapters/primary/tui.go:285.52,286.29 1 0
github.com/nxdir-s/grl/internal/adapters/primary/tui.go:286.29,288.3 1 0
github.com/nxdir-s/grl/internal/adapters/primary/tui.go:303.70,308.27 2 0
github.com/nxdir-s/grl/internal/adapters/primary/tui.go:308.27,310.3 1 0
github.com/nxdir-s/grl/internal/adapters/primary/tui.go:312.2,312.16 1 0
github.com/nxdir-s/grl/internal/adapters/primary/tui.go:315.102,316.23 1 0
github.com/nxdir-s/grl/internal/adapters/primary/tui.go:316.23,321.3 3 0
github.com/nxdir-s/grl/internal/adapters/primary/tui.go:323.2,323.16 1 0
github.com/nxdir-s/grl/internal/adapters/primary/tui.go:323.16,328.3 3 0
github.com/nxdir-s/grl/internal/adapters/primary/tui.go:330.2,333.16 3 0
github.com/nxdir-s/grl/internal/adapters/primary/tui.go:333.16,336.3 2 0
github.com/nxdir-s/grl/internal/adapters/primary/tui.go:338.2,338.18 1 0
github.com/nxdir-s/grl/internal/adapters/primary/tui.go:341.151,342.26 1 0
github.com/nxdir-s/grl/internal/adapters/primary/tui.go:342.26,351.3 3 0
github.com/nxdir-s/grl/internal/adapters/primary/tui.go:353.2,353.73 1 0
github.com/nxdir-s/grl/internal/adapters/primary/tui.go:353.73,355.3 1 0
github.com/nxdir-s/grl/internal/adapters/primary/tui.go:357.2,358.16 2 0
github.com/nxdir-s/grl/internal/adapters/primary/tui.go:358.16,360.3 1 0
github.com/nxdir-s/grl/internal/adapters/primary/tui.go:362.2,362.25 1 0
github.com/nxdir-s/grl/internal/adapters/primary/tui.go:365.107,366.22 1 0
github.com/nxdir-s/grl/internal/adapters/primary/tui.go:366.22,371.3 3 0
github.com/nxdir-s/grl/internal/adapters/primary/tui.go:373.2,373.16 1 0
github.com/nxdir-s/grl/internal/adapters/primary/tui.go:373.16,378.3 3 0
github.com/nxdir-s/grl/internal/adapters/primary/tui.go:380.2,380.17 1 0
github.com/nxdir-s/grl/internal/adapters/primary/tui.go:380.17,385.3 3 0
github.com/nxdir-s/grl/internal/adapters/primary/tui.go:387.2,387.57 1 0
github.com/nxdir-s/grl/internal/adapters/primary/tui.go:387.57,390.3 2 0
github.com/nxdir-s/grl/internal/adapters/primary/tui.go:392.2,392.12 1 0
github.com/nxdir-s/grl/internal/adapters/primary/tui.go:395.96,396.22 1 0
github.com/nxdir-s/grl/internal/adapters/primary/tui.go:396.22,401.3 3 0
github.com/nxdir-s/grl/internal/adapters/primary/tui.go:403.2,403.16 1 0
github.com/nxdir-s/grl/internal/adapters/primary/tui.go:403.16,408.3 3 0
github.com/nxdir-s/grl/internal/adapters/primary/tui.go:410.2,411.16 2 0
github.com/nxdir-s/grl/internal/adapters/primary/tui.go:411.16,414.3 2 0
github.com/nxdir-s/grl/internal/adapters/primary/tui.go:416.2,416.21 1 0
github.com/nxdir-s/grl/internal/adapters/primary/tui.go:419.79,420.22 1 0
github.com/nxdir-s/grl/internal/adapters/primary/tui.go:420.22,425.3 3 0
github.com/nxdir-s/grl/internal/adapters/primary/tui.go:427.2,427.18 1 0
github.com/nxdir-s/grl/internal/adapters/primary/tui.go:427.18,432.3 3 0
github.com/nxdir-s/grl/internal/adapters/primary/tui.go:434.2,434.55 1 0
github.com/nxdir-s/grl/internal/adapters/primary/tui.go:434.55,441.3 2 0
github.com/nxdir-s/grl/internal/adapters/primary/tui.go:443.2,443.12 1 0
github.com/nxdir-s/grl/internal/adapters/primary/tui.go:446.123,447.26 1 0
github.com/nxdir-s/grl/internal/adapters/primary/tui.go:447.26,452.3 3 0
github.com/nxdir-s/grl/internal/adapters/primary/tui.go:454.2,454.64 1 0
github.com/nxdir-s/grl/internal/adapters/primary/tui.go:454.64,457.3 2 0
github.com/nxdir-s/grl/internal/adapters/primary/tui.go:459.2,460.16 2 0
github.com/nxdir-s/grl/internal/adapters/primary/tui.go:460.16,463.3 2 0
github.com/nxdir-s/grl/internal/adapters/primary/tui.go:465.2,465.25 1 0
github.com/nxdir-s/grl/internal/adapters/primary/tui.go:468.100,469.26 1 0
github.com/nxdir-s/grl/internal/adapters/primary/tui.go:469.26,474.3 3 0
github.com/nxdir-s/grl/internal/adapters/primary/tui.go:476.2,476.54 1 0
github.com/nxdir-s/grl/internal/adapters/primary/tui.go:476.54,479.3 2 0
github.com/nxdir-s/grl/internal/adapters/primary/tui.go:481.2,482.16 2 0
github.com/nxdir-s/grl/internal/adapters/primary/tui.go:482.16,485.3 2 0
github.com/nxdir-s/grl/internal/adapters/primary/tui.go:487.2,487.25 1 0
github.com/nxdir-s/grl/internal/adapters/primary/tui.go:490.113,491.26 1 0
github.com/nxdir-s/grl/internal/adapters/primary/tui.go:491.26,496.3 3 0
github.com/nxdir-s/grl/internal/adapters/primary/tui.go:498.2,498.60 1 0
github.com/nxdir-s/grl/internal/adapters/primary/tui.go:498.60,501.3 2 0
github.com/nxdir-s/grl/internal/adapters/primary/tui.go:503.2,504.16 2 0
github.com/nxdir-s/grl/internal/adapters/primary/tui.go:504.16,507.3 2 0
github.com/nxdir-s/grl/internal/adapters/primary/tui.go:509.2,509.25 1 0
github.com/nxdir-s/grl/internal/adapters/primary/tui.go:512.88,513.26 1 0
github.com/nxdir-s/grl/internal/adapters/primary/tui.go:513.26,518.3 3 0
github.com/nxdir-s/grl/internal/adapters/primary/tui.go:520.2,521.16 2 0
github.com/nxdir-s/grl/internal/adapters/primary/tui.go:521.16,524.3 2 0
github.com/nxdir-s/grl/internal/adapters/primary/tui.go:526.2,526.25 1 0
github.com/nxdir-s/grl/internal/adapters/primary/tui.go:529.125,530.26 1 0
github.com/nxdir-s/grl/internal/adapters/primary/tui.go:530.26,539.3 3 0
github.com/nxdir-s/grl/internal/adapters/primary/tui.go:541.2,541.82 1 0
github.com/nxdir-s/grl/internal/adapters/primary/tui.go:541.82,549.3 2 0
github.com/nxdir-s/grl/internal/adapters/primary/tui.go:551.2,552.16 2 0
github.com/nxdir-s/grl/internal/adapters/primary/tui.go:552.16,560.3 2 0
github.com/nxdir-s/grl/internal/adapters/primary/tui.go:562.2,562.25 1 0
github.com/nxdir-s/grl/internal/adapters/primary/tui.go:565.103,566.27 1 0
github.com/nxdir-s/grl/internal/adapters/primary/tui.go:566.27,571.3 3 0
github.com/nxdir-s/grl/internal/adapters/primary/tui.go:573.2,573.20 1 0
github.com/nxdir-s/grl/internal/adapters/primary/tui.go:573.20,578.3 3 0
github.com/nxdir-s/grl/internal/adapters/primary/tui.go:580.2,581.16 2 0
github.com/nxdir-s/grl/internal/adapters/primary/tui.go:581.16,584.3 2 0
github.com/nxdir-s/grl/internal/adapters/primary/tui.go:586.2,586.25 1 0
github.com/nxdir-s/grl/internal/adapters/primary/tui.go:589.90,590.27 1 0
github.com/nxdir-s/grl/internal/adapters/primary/tui.go:590.27,595.3 3 0
github.com/nxdir-s/grl/internal/adapters/primary/tui.go:597.2,598.16 2 0
github.com/nxdir-s/grl/internal/adapters/primary/tui.go:598.16,601.3 2 0
github.com/nxdir-s/grl/internal/adapters/primary/tui.go:603.2,603.26 1 0
github.com/nxdir-s/grl/internal/adapters/primary/tui.go:606.98,607.27 1 0
github.com/nxdir-s/grl/internal/adapters/primary/tui.go:607.27,612.3 3 0
github.com/nxdir-s/grl/internal/adapters/primary/tui.go:614.2,614.18 1 0
github.com/nxdir-s/grl/internal/adapters/primary/tui.go:614.18,619.3 3 0
github.com/nxdir-s/grl/internal/adapters/primary/tui.go:621.2,622.16 2 0
github.com/nxdir-s/grl/internal/adapters/primary/tui.go:622.16,625.3 2 0
github.com/nxdir-s/grl/internal/adapters/primary/tui.go:627.2,627.25 1 0
github.com/nxdir-s/grl/internal/adapters/primary/tui.go:630.90,631.27 1 0
github.com/nxdir-s/grl/internal/adapters/primary/tui.go:631.27,636.3 3 0
github.com/nxdir-s/grl/internal/adapters/primary/tui.go:638.2,638.16 1 0
github.com/nxdir-s/grl/internal/adapters/primary/tui.go:638.16,643.3 3 0
github.com/nxdir-s/grl/internal/adapters/primary/tui.go:645.2,645.26 1 0
github.com/nxdir-s/grl/internal/adapters/primary/tui.go:645.26,647.3 1 0
github.com/nxdir-s/grl/internal/adapters/primary/tui.go:649.2,649.54 1 0
github.com/nxdir-s/grl/internal/adapters/primary/tui.go:649.54,652.3 2 0
github.com/nxdir-s/grl/internal/adapters/primary/tui.go:654.2,654.12 1 0
github.com/nxdir-s/grl/internal/adapters/primary/tui.go:657.78,658.27 1 0
github.com/nxdir-s/grl/internal/adapters/primary/tui.go:658.27,663.3 3 0
github.com/nxdir-s/grl/internal/adapters/primary/tui.go:665.2,665.18 1 0
github.com/nxdir-s/grl/internal/adapters/primary/tui.go:665.18,670.3 3 0
github.com/nxdir-s/grl/internal/adapters/primary/tui.go:672.2,672.55 1 0
github.com/nxdir-s/grl/internal/adapters/primary/tui.go:672.55,675.3 2 0
github.com/nxdir-s/grl/internal/adapters/primary/tui.go:677.2,677.12 1 0
github.com/nxdir-s/grl/internal/adapters/primary/tui.go:680.93,681.27 1 0
github.com/nxdir-s/grl/internal/adapters/primary/tui.go:681.27,686.3 3 0
github.com/nxdir-s/grl/internal/adapters/primary/tui.go:688.2,689.16 2 0
github.com/nxdir-s/grl/internal/adapters/primary/tui.go:689.16,693.3 2 0
github.com/nxdir-s/grl/internal/adapters/primary/tui.go:695.2,695.17 1 0
github.com/nxdir-s/grl/internal/adapters/primary/tui.go:698.81,699.27 1 0
github.com/nxdir-s/grl/internal/adapters/primary/tui.go:699.27,704.3 3 0
github.com/nxdir-s/grl/internal/adapters/primary/tui.go:706.2,706.18 1 0
github.com/nxdir-s/grl/internal/adapters/primary/tui.go:706.18,711.3 3 0
github.com/nxdir-s/grl/internal/adapters/primary/tui.go:713.2,713.58 1 0
github.com/nxdir-s/grl/internal/adapters/primary/tui.go:713.58,716.3 2 0
github.com/nxdir-s/grl/internal/adapters/primary/tui.go:718.2,718.12 1 0
github.com/nxdir-s/grl/internal/adapters/primary/tui.go:721.87,722.27 1 0
github.com/nxdir-s/grl/internal/adapters/primary/tui.go:722.27,727.3 3 0
github.com/nxdir-s/grl/internal/adapters/primary/tui.go:729.2,729.44 1 0
github.com/nxdir-s/grl/internal/adapters/primary/tui.go:732.68,733.22 1 0
github.com/nxdir-s/grl/internal/adapters/primary/tui.go:733.22,738.3 3 0
github.com/nxdir-s/grl/internal/adapters/primary/tui.go:740.2,741.16 2 0
github.com/nxdir-s/grl/internal/adapters/primary/tui.go:741.16,743.3 1 0
github.com/nxdir-s/grl/internal/adapters/primary/tui.go:745.2,745.19 1 0
github.com/nxdir-s/grl/internal/adapters/primary/tui.go:745.19,747.3 1 0
github.com/nxdir-s/grl/internal/adapters/primary/tui.go:749.2,749.15 1 0
github.com/nxdir-s/grl/internal/adapters/primary/tui.go:752.80,753.22 1 0
github.com/nxdir-s/grl/internal/adapters/primary/tui.go:753.22,758.3 3 0
github.com/nxdir-s/grl/internal/adapters/primary/tui.go:760.2,760.16 1 0
github.com/nxdir-s/grl/internal/adapters/primary/tui.go:760.16,765.3 3 0
github.com/nxdir-s/grl/internal/adapters/primary/tui.go:767.2,767.49 1 0
github.com/nxdir-s/grl/internal/adapters/primary/tui.go:767.49,770.3 2 0
github.com/nxdir-s/grl/internal/adapters/primary/tui.go:772.2,772.12 1 0
github.com/nxdir-s/grl/internal/adapters/primary/tui.go:775.52,776.24 1 0
github.com/nxdir-s/grl/internal/adapters/primary/tui.go:776.24,781.3 3 0
github.com/nxdir-s/grl/internal/adapters/primary/tui.go:783.2,783.17 1 0
github.com/nxdir-s/grl/internal/adapters/primary/tui.go:783.17,785.3 1 0
github.com/nxdir-s/grl/internal/adapters/primary/tui.go:787.2,787.36 1 0
github.com/nxdir-s/grl/internal/adapters/primary/tui.go:790.54,791.24 1 0
github.com/nxdir-s/grl/internal/adapters/primary/tui.go:791.24,796.3 3 0
github.com/nxdir-s/grl/internal/adapters/primary/tui.go:798.2,798.44 1 0
github.com/nxdir-s/grl/internal/adapters/primary/tui.go:798.44,801.3 2 0
github.com/nxdir-s/grl/internal/adapters/primary/tui.go:803.2,803.12 1 0
github.com/nxdir-s/grl/internal/adapters/primary/tui.go:806.42,808.2 1 0
github.com/nxdir-s/grl/internal/adapters/secondary/http.go:48.38,50.2 1 0
github.com/nxdir-s/grl/internal/adapters/secondary/http.go:57.44,59.2 1 0
github.com/nxdir-s/grl/internal/adapters/secondary/http.go:65.41,67.2 1 0
github.com/nxdir-s/grl/internal/adapters/secondary/http.go:73.42,75.2 1 0
github.com/nxdir-s/grl/internal/adapters/secondary/http.go:79.40,81.2 1 0
github.com/nxdir-s/grl/internal/adapters/secondary/http.go:88.40,90.2 1 0
github.com/nxdir-s/grl/internal/adapters/secondary/http.go:94.50,95.30 1 1
github.com/nxdir-s/grl/internal/adapters/secondary/http.go:95.30,97.3 1 1
github.com/nxdir-s/grl/internal/adapters/secondary/http.go:100.111,101.30 1 0
github.com/nxdir-s/grl/internal/adapters/secondary/http.go:101.30,112.3 3 0
github.com/nxdir-s/grl/internal/adapters/secondary/http.go:132.89,134.22 2 1
github.com/nxdir-s/grl/internal/adapters/secondary/http.go:134.22,136.3 1 0
github.com/nxdir-s/grl/internal/adapters/secondary/http.go:138.2,139.28 2 1
github.com/nxdir-s/grl/internal/adapters/secondary/http.go:139.28,141.3 1 0
github.com/nxdir-s/grl/internal/adapters/secondary/http.go:143.2,144.33 2 1
github.com/nxdir-s/grl/internal/adapters/secondary/http.go:144.33,146.3 1 0
github.com/nxdir-s/grl/internal/adapters/secondary/http.go:148.2,149.36 2 1
github.com/nxdir-s/grl/internal/adapters/secondary/http.go:149.36,151.3 1 0
github.com/nxdir-s/grl/internal/adapters/secondary/http.go:153.2,167.22 3 1
github.com/nxdir-s/grl/internal/adapters/secondary/http.go:167.22,169.3 1 0
github.com/nxdir-s/grl/internal/adapters/secondary/http.go:171.2,180.26 2 1
github.com/nxdir-s/grl/internal/adapters/secondary/http.go:180.26,181.83 1 1
github.com/nxdir-s/grl/internal/adapters/secondary/http.go:181.83,183.4 1 0
github.com/nxdir-s/grl/internal/adapters/secondary/http.go:186.2,186.27 1 1
github.com/nxdir-s/grl/internal/adapters/secondary/http.go:186.27,188.3 1 1
github.com/nxdir-s/grl/internal/adapters/secondary/http.go:190.2,190.16 1 1
github.com/nxdir-s/grl/internal/adapters/secondary/http.go:193.96,194.16 1 1
github.com/nxdir-s/grl/internal/adapters/secondary/http.go:194.16,196.3 1 0
github.com/nxdir-s/grl/internal/adapters/secondary/http.go:198.2,199.16 2 1
github.com/nxdir-s/grl/internal/adapters/secondary/http.go:199.16,201.3 1 0
github.com/nxdir-s/grl/internal/adapters/secondary/http.go:203.2,204.16 2 1
github.com/nxdir-s/grl/internal/adapters/secondary/http.go:204.16,206.3 1 0
github.com/nxdir-s/grl/internal/adapters/secondary/http.go:208.2,215.44 5 1
github.com/nxdir-s/grl/internal/adapters/secondary/http.go:215.44,217.4 1 0
github.com/nxdir-s/grl/internal/adapters/secondary/http.go:218.42,220.4 1 0
github.com/nxdir-s/grl/internal/adapters/secondary/http.go:221.35,223.4 1 1
github.com/nxdir-s/grl/internal/adapters/secondary/http.go:224.43,226.4 1 1
github.com/nxdir-s/grl/internal/adapters/secondary/http.go:227.29,229.4 1 0
github.com/nxdir-s/grl/internal/adapters/secondary/http.go:230.58,232.4 1 0
github.com/nxdir-s/grl/internal/adapters/secondary/http.go:233.42,235.4 1 1
github.com/nxdir-s/grl/internal/adapters/secondary/http.go:236.32,237.25 1 1
github.com/nxdir-s/grl/internal/adapters/secondary/http.go:237.25,239.5 1 1
github.com/nxdir-s/grl/internal/adapters/secondary/http.go:243.2,246.16 3 1
github.com/nxdir-s/grl/internal/adapters/secondary/http.go:246.16,248.3 1 0
github.com/nxdir-s/grl/internal/adapters/secondary/http.go:249.2,254.85 4 1
github.com/nxdir-s/grl/internal/adapters/secondary/http.go:254.85,256.3 1 0
github.com/nxdir-s/grl/internal/adapters/secondary/http.go:258.2,259.43 2 1
github.com/nxdir-s/grl/internal/adapters/secondary/http.go:259.43,260.25 1 1
github.com/nxdir-s/grl/internal/adapters/secondary/http.go:260.25,266.4 1 1
github.com/nxdir-s/grl/internal/adapters/secondary/http.go:269.2,277.8 1 1
github.com/nxdir-s/grl/internal/adapters/secondary/http.go:280.74,281.22 1 1
github.com/nxdir-s/grl/internal/adapters/secondary/http.go:282.30,285.33 2 0
github.com/nxdir-s/grl/internal/adapters/secondary/http.go:285.33,286.69 1 0
github.com/nxdir-s/grl/internal/adapters/secondary/http.go:286.69,287.13 1 0
github.com/nxdir-s/grl/internal/adapters/secondary/http.go:290.4,290.57 1 0
github.com/nxdir-s/grl/internal/adapters/secondary/http.go:293.3,295.44 2 0
github.com/nxdir-s/grl/internal/adapters/secondary/http.go:296.31,300.33 3 0
github.com/nxdir-s/grl/internal/adapters/secondary/http.go:300.33,301.69 1 0
github.com/nxdir-s/grl/internal/adapters/secondary/http.go:301.69,302.13 1 0
github.com/nxdir-s/grl/internal/adapters/secondary/http.go:305.4,305.55 1 0
github.com/nxdir-s/grl/internal/adapters/secondary/http.go:305.55,309.19 3 0
github.com/nxdir-s/grl/internal/adapters/secondary/http.go:309.19,311.6 1 0
github.com/nxdir-s/grl/internal/adapters/secondary/http.go:313.5,314.19 2 0
github.com/nxdir-s/grl/internal/adapters/secondary/http.go:314.19,317.6 2 0
github.com/nxdir-s/grl/internal/adapters/secondary/http.go:319.5,319.50 1 0
github.com/nxdir-s/grl/internal/adapters/secondary/http.go:319.50,322.6 2 0
github.com/nxdir-s/grl/internal/adapters/secondary/http.go:324.5,325.13 2 0
github.com/nxdir-s/grl/internal/adapters/secondary/http.go:328.4,328.87 1 0
github.com/nxdir-s/grl/internal/adapters/secondary/http.go:328.87,330.5 1 0
github.com/nxdir-s/grl/internal/adapters/secondary/http.go:333.3,333.35 1 0
github.com/nxdir-s/grl/internal/adapters/secondary/http.go:333.35,335.4 1 0
github.com/nxdir-s/grl/internal/adapters/secondary/http.go:337.3,339.18 2 0
github.com/nxdir-s/grl/internal/adapters/secondary/http.go:340.10,341.25 1 1
github.com/nxdir-s/grl/internal/adapters/secondary/http.go:341.25,343.4 1 1
github.com/nxdir-s/grl/internal/adapters/secondary/http.go:345.3,345.42 1 0
github.com/nxdir-s/grl/internal/adapters/secondary/http.go:349.80,350.29 1 1
github.com/nxdir-s/grl/internal/adapters/secondary/http.go:350.29,351.62 1 0
github.com/nxdir-s/grl/internal/adapters/secondary/http.go:351.62,352.12 1 0
github.com/nxdir-s/grl/internal/adapters/secondary/http.go:355.3,355.63 1 0
github.com/nxdir-s/grl/internal/adapters/secondary/http.go:358.2,358.31 1 1
github.com/nxdir-s/grl/internal/adapters/secondary/http.go:358.31,360.3 1 0
github.com/nxdir-s/grl/internal/adapters/secondary/http.go:369.78,371.16 2 0
github.com/nxdir-s/grl/internal/adapters/secondary/http.go:371.16,373.3 1 0
github.com/nxdir-s/grl/internal/adapters/secondary/http.go:375.2,378.3 1 0
github.com/nxdir-s/grl/internal/adapters/secondary/http.go:382.79,386.21 3 0
github.com/nxdir-s/grl/internal/adapters/secondary/http.go:386.21,388.17 2 0
github.com/nxdir-s/grl/internal/adapters/secondary/http.go:388.17,390.4 1 0
github.com/nxdir-s/grl/internal/adapters/secondary/http.go:392.3,392.54 1 0
github.com/nxdir-s/grl/internal/adapters/secondary/http.go:395.2,398.53 3 0
github.com/nxdir-s/grl/internal/adapters/secondary/http.go:398.53,401.23 2 0
github.com/nxdir-s/grl/internal/adapters/secondary/http.go:401.23,403.4 1 0
github.com/nxdir-s/grl/internal/adapters/secondary/http.go:405.3,405.22 1 0
github.com/nxdir-s/grl/internal/adapters/secondary/http.go:405.22,407.4 1 0
github.com/nxdir-s/grl/internal/adapters/secondary/http.go:409.3,411.12 2 0
github.com/nxdir-s/grl/internal/adapters/secondary/http.go:414.2,414.18 1 0
github.com/nxdir-s/grl/internal/adapters/secondary/http.go:417.42,420.44 2 0
github.com/nxdir-s/grl/internal/adapters/secondary/http.go:420.44,422.3 1 0
github.com/nxdir-s/grl/internal/adapters/secondary/http.go:424.2,424.12 1 0
github.com/nxdir-s/grl/internal/adapters/secondary/http.go:428.55,429.16 1 0
github.com/nxdir-s/grl/internal/adapters/secondary/http.go:429.16,431.3 1 0
github.com/nxdir-s/grl/internal/adapters/secondary/http.go:433.2,433.30 1 0
github.com/nxdir-s/grl/internal/adapters/secondary/http.go:433.30,435.3 1 0
github.com/nxdir-s/grl/internal/adapters/secondary/http.go:437.2,437.14 1 0
github.com/nxdir-s/grl/internal/adapters/secondary/http.go:441.41,443.2 1 0
github.com/nxdir-s/grl/internal/adapters/secondary/json.go:25.44,27.2 1 0
github.com/nxdir-s/grl/internal/adapters/secondary/json.go:31.43,33.2 1 0
github.com/nxdir-s/grl/internal/adapters/secondary/json.go:37.42,39.2 1 0
github.com/nxdir-s/grl/internal/adapters/secondary/json.go:45.44,47.2 1 0
github.com/nxdir-s/grl/internal/adapters/secondary/json.go:53.45,55.2 1 0
github.com/nxdir-s/grl/internal/adapters/secondary/json.go:61.46,63.2 1 0
github.com/nxdir-s/grl/internal/adapters/secondary/json.go:67.37,69.2 1 0
github.com/nxdir-s/grl/internal/adapters/secondary/json.go:75.41,77.2 1 0
github.com/nxdir-s/grl/internal/adapters/secondary/json.go:83.41,85.2 1 0
github.com/nxdir-s/grl/internal/adapters/secondary/json.go:89.44,91.2 1 0
github.com/nxdir-s/grl/internal/adapters/secondary/json.go:95.43,97.2 1 0
github.com/nxdir-s/grl/internal/adapters/secondary/json.go:103.45,105.2 1 0
github.com/nxdir-s/grl/internal/adapters/secondary/json.go:111.45,113.2 1 0
github.com/nxdir-s/grl/internal/adapters/secondary/json.go:119.46,121.2 1 0
github.com/nxdir-s/grl/internal/adapters/secondary/json.go:127.47,129.2 1 0
github.com/nxdir-s/grl/internal/adapters/secondary/json.go:133.39,135.2 1 0
github.com/nxdir-s/grl/internal/adapters/secondary/json.go:141.40,143.2 1 0
github.com/nxdir-s/grl/internal/adapters/secondary/json.go:149.40,151.2 1 0
github.com/nxdir-s/grl/internal/adapters/secondary/json.go:155.51,156.30 1 0
github.com/nxdir-s/grl/internal/adapters/secondary/json.go:156.30,158.3 1 0
github.com/nxdir-s/grl/internal/adapters/secondary/json.go:161.50,162.30 1 0
github.com/nxdir-s/grl/internal/adapters/secondary/json.go:162.30,164.3 1 0
github.com/nxdir-s/grl/internal/adapters/secondary/json.go:176.135,186.27 2 0
github.com/nxdir-s/grl/internal/adapters/secondary/json.go:186.27,188.3 1 0
github.com/nxdir-s/grl/internal/adapters/secondary/json.go:190.2,190.16 1 0
github.com/nxdir-s/grl/internal/adapters/secondary/json.go:193.96,194.23 1 0
github.com/nxdir-s/grl/internal/adapters/secondary/json.go:194.23,196.3 1 0
github.com/nxdir-s/grl/internal/adapters/secondary/json.go:198.2,199.16 2 0
github.com/nxdir-s/grl/internal/adapters/secondary/json.go:199.16,201.3 1 0
github.com/nxdir-s/grl/internal/adapters/secondary/json.go:203.2,209.83 2 0
github.com/nxdir-s/grl/internal/adapters/secondary/json.go:209.83,211.3 1 0
github.com/nxdir-s/grl/internal/adapters/secondary/json.go:213.2,213.12 1 0
github.com/nxdir-s/grl/internal/adapters/secondary/json.go:216.98,217.18 1 0
github.com/nxdir-s/grl/internal/adapters/secondary/json.go:217.18,219.3 1 0
github.com/nxdir-s/grl/internal/adapters/secondary/json.go:221.2,222.16 2 0
github.com/nxdir-s/grl/internal/adapters/secondary/json.go:222.16,224.3 1 0
github.com/nxdir-s/grl/internal/adapters/secondary/json.go:226.2,231.58 3 0
github.com/nxdir-s/grl/internal/adapters/secondary/json.go:231.58,233.3 1 0
github.com/nxdir-s/grl/internal/adapters/secondary/json.go:235.2,235.25 1 0
github.com/nxdir-s/grl/internal/adapters/secondary/json.go:238.89,242.16 3 0
github.com/nxdir-s/grl/internal/adapters/secondary/json.go:242.16,243.25 1 0
github.com/nxdir-s/grl/internal/adapters/secondary/json.go:243.25,245.4 1 0
github.com/nxdir-s/grl/internal/adapters/secondary/json.go:247.3,247.39 1 0
github.com/nxdir-s/grl/internal/adapters/secondary/json.go:250.2,252.25 2 0
github.com/nxdir-s/grl/internal/adapters/secondary/json.go:252.25,253.75 1 0
github.com/nxdir-s/grl/internal/adapters/secondary/json.go:253.75,254.12 1 0
github.com/nxdir-s/grl/internal/adapters/secondary/json.go:257.3,258.17 2 0
github.com/nxdir-s/grl/internal/adapters/secondary/json.go:258.17,259.12 1 0
github.com/nxdir-s/grl/internal/adapters/secondary/json.go:262.3,263.59 2 0
github.com/nxdir-s/grl/internal/adapters/secondary/json.go:263.59,264.12 1 0
github.com/nxdir-s/grl/internal/adapters/secondary/json.go:267.3,267.48 1 0
github.com/nxdir-s/grl/internal/adapters/secondary/json.go:270.2,270.46 1 0
github.com/nxdir-s/grl/internal/adapters/secondary/json.go:270.46,272.3 1 0
github.com/nxdir-s/grl/internal/adapters/secondary/json.go:274.2,276.25 2 0
github.com/nxdir-s/grl/internal/adapters/secondary/json.go:279.78,280.18 1 0
github.com/nxdir-s/grl/internal/adapters/secondary/json.go:280.18,282.3 1 0
github.com/nxdir-s/grl/internal/adapters/secondary/json.go:284.2,286.83 2 0
github.com/nxdir-s/grl/internal/adapters/secondary/json.go:286.83,288.3 1 0
github.com/nxdir-s/grl/internal/adapters/secondary/json.go:290.2,290.12 1 0
github.com/nxdir-s/grl/internal/adapters/secondary/json.go:293.93,294.23 1 0
github.com/nxdir-s/grl/internal/adapters/secondary/json.go:294.23,296.3 1 0
github.com/nxdir-s/grl/internal/adapters/secondary/json.go:298.2,299.16 2 0
github.com/nxdir-s/grl/internal/adapters/secondary/json.go:299.16,301.3 1 0
github.com/nxdir-s/grl/internal/adapters/secondary/json.go:303.2,305.65 2 0
github.com/nxdir-s/grl/internal/adapters/secondary/json.go:305.65,307.3 1 0
github.com/nxdir-s/grl/internal/adapters/secondary/json.go:309.2,309.12 1 0
github.com/nxdir-s/grl/internal/adapters/secondary/json.go:312.87,316.16 3 0
github.com/nxdir-s/grl/internal/adapters/secondary/json.go:316.16,317.25 1 0
github.com/nxdir-s/grl/internal/adapters/secondary/json.go:317.25,319.4 1 0
github.com/nxdir-s/grl/internal/adapters/secondary/json.go:321.3,321.35 1 0
github.com/nxdir-s/grl/internal/adapters/secondary/json.go:324.2,325.55 2 0
github.com/nxdir-s/grl/internal/adapters/secondary/json.go:325.55,327.3 1 0
github.com/nxdir-s/grl/internal/adapters/secondary/json.go:329.2,329.20 1 0
github.com/nxdir-s/grl/internal/adapters/secondary/json.go:329.20,331.3 1 0
github.com/nxdir-s/grl/internal/adapters/secondary/json.go:333.2,335.21 2 0
github.com/nxdir-s/grl/internal/adapters/secondary/json.go:338.91,339.16 1 0
github.com/nxdir-s/grl/internal/adapters/secondary/json.go:339.16,341.3 1 0
github.com/nxdir-s/grl/internal/adapters/secondary/json.go:343.2,344.16 2 0
github.com/nxdir-s/grl/internal/adapters/secondary/json.go:344.16,346.3 1 0
github.com/nxdir-s/grl/internal/adapters/secondary/json.go:348.2,356.56 3 0
github.com/nxdir-s/grl/internal/adapters/secondary/json.go:356.56,358.3 1 0
github.com/nxdir-s/grl/internal/adapters/secondary/json.go:360.2,360.12 1 0
github.com/nxdir-s/grl/internal/adapters/secondary/json.go:363.100,364.18 1 0
github.com/nxdir-s/grl/internal/adapters/secondary/json.go:364.18,366.3 1 0
github.com/nxdir-s/grl/internal/adapters/secondary/json.go:368.2,373.16 4 0
github.com/nxdir-s/grl/internal/adapters/secondary/json.go:373.16,375.3 1 0
github.com/nxdir-s/grl/internal/adapters/secondary/json.go:377.2,378.51 2 0
github.com/nxdir-s/grl/internal/adapters/secondary/json.go:378.51,380.3 1 0
github.com/nxdir-s/grl/internal/adapters/secondary/json.go:382.2,387.18 2 0
github.com/nxdir-s/grl/internal/adapters/secondary/json.go:390.91,394.16 3 0
github.com/nxdir-s/grl/internal/adapters/secondary/json.go:394.16,395.25 1 0
github.com/nxdir-s/grl/internal/adapters/secondary/json.go:395.25,397.4 1 0
github.com/nxdir-s/grl/internal/adapters/secondary/json.go:399.3,399.40 1 0
github.com/nxdir-s/grl/internal/adapters/secondary/json.go:402.2,403.25 2 0
github.com/nxdir-s/grl/internal/adapters/secondary/json.go:403.25,404.71 1 0
github.com/nxdir-s/grl/internal/adapters/secondary/json.go:404.71,405.12 1 0
github.com/nxdir-s/grl/internal/adapters/secondary/json.go:408.3,409.17 2 0
github.com/nxdir-s/grl/internal/adapters/secondary/json.go:409.17,410.12 1 0
github.com/nxdir-s/grl/internal/adapters/secondary/json.go:413.3,414.52 2 0
github.com/nxdir-s/grl/internal/adapters/secondary/json.go:414.52,415.12 1 0
github.com/nxdir-s/grl/internal/adapters/secondary/json.go:418.3,418.27 1 0
github.com/nxdir-s/grl/internal/adapters/secondary/json.go:421.2,421.17 1 0
github.com/nxdir-s/grl/internal/adapters/secondary/json.go:421.17,423.3 1 0
github.com/nxdir-s/grl/internal/adapters/secondary/json.go:425.2,425.39 1 0
github.com/nxdir-s/grl/internal/adapters/secondary/json.go:425.39,427.3 1 0
github.com/nxdir-s/grl/internal/adapters/secondary/json.go:429.2,431.18 2 0
github.com/nxdir-s/grl/internal/adapters/secondary/json.go:434.79,435.18 1 0
github.com/nxdir-s/grl/internal/adapters/secondary/json.go:435.18,437.3 1 0
github.com/nxdir-s/grl/internal/adapters/secondary/json.go:439.2,443.40 3 0
github.com/nxdir-s/grl/internal/adapters/secondary/json.go:443.40,445.3 1 0
github.com/nxdir-s/grl/internal/adapters/secondary/json.go:447.2,447.12 1 0
github.com/nxdir-s/grl/internal/adapters/secondary/json.go:450.81,451.16 1 0
github.com/nxdir-s/grl/internal/adapters/secondary/json.go:451.16,453.3 1 0
github.com/nxdir-s/grl/internal/adapters/secondary/json.go:455.2,456.16 2 0
github.com/nxdir-s/grl/internal/adapters/secondary/json.go:456.16,458.3 1 0
github.com/nxdir-s/grl/internal/adapters/secondary/json.go:460.2,468.64 2 0
github.com/nxdir-s/grl/internal/adapters/secondary/json.go:468.64,470.3 1 0
github.com/nxdir-s/grl/internal/adapters/secondary/json.go:472.2,472.12 1 0
github.com/nxdir-s/grl/internal/adapters/secondary/json.go:475.79,479.16 3 0
github.com/nxdir-s/grl/internal/adapters/secondary/json.go:479.16,480.25 1 0
github.com/nxdir-s/grl/internal/adapters/secondary/json.go:480.25,482.4 1 0
github.com/nxdir-s/grl/internal/adapters/secondary/json.go:484.3,484.34 1 0
github.com/nxdir-s/grl/internal/adapters/secondary/json.go:487.2,488.51 2 0
github.com/nxdir-s/grl/internal/adapters/secondary/json.go:488.51,490.3 1 0
github.com/nxdir-s/grl/internal/adapters/secondary/json.go:492.2,500.18 2 0
github.com/nxdir-s/grl/internal/adapters/secondary/json.go:503.56,505.2 1 0
github.com/nxdir-s/grl/internal/core/domain/auth.go:18.22,20.2 1 0
github.com/nxdir-s/grl/internal/core/domain/auth.go:22.59,25.26 2 0
github.com/nxdir-s/grl/internal/core/domain/auth.go:25.26,28.3 2 0
github.com/nxdir-s/grl/internal/core/domain/auth.go:30.2,30.25 1 0
github.com/nxdir-s/grl/internal/core/domain/auth.go:30.25,33.3 2 0
github.com/nxdir-s/grl/internal/core/domain/auth.go:35.2,35.23 1 0
github.com/nxdir-s/grl/internal/core/domain/auth.go:36.24,37.65 1 0
github.com/nxdir-s/grl/internal/core/domain/auth.go:37.65,39.4 1 0
github.com/nxdir-s/grl/internal/core/domain/auth.go:41.3,48.5 3 0
github.com/nxdir-s/grl/internal/core/domain/auth.go:49.25,50.31 1 0
github.com/nxdir-s/grl/internal/core/domain/auth.go:50.31,52.4 1 0
github.com/nxdir-s/grl/internal/core/domain/auth.go:54.3,58.5 1 0
github.com/nxdir-s/grl/internal/core/domain/auth.go:59.25,60.36 1 0
github.com/nxdir-s/grl/internal/core/domain/auth.go:60.36,62.4 1 0
github.com/nxdir-s/grl/internal/core/domain/auth.go:64.3,64.10 1 0
github.com/nxdir-s/grl/internal/core/domain/auth.go:65.50,70.6 1 0
github.com/nxdir-s/grl/internal/core/domain/auth.go:71.11,76.6 1 0
github.com/nxdir-s/grl/internal/core/domain/auth.go:80.2,80.13 1 0
github.com/nxdir-s/grl/internal/core/domain/clipboard.go:7.32,9.2 1 0
github.com/nxdir-s/grl/internal/core/domain/clipboard.go:11.42,13.2 1 0
github.com/nxdir-s/grl/internal/core/domain/collections.go:13.45,15.2 1 0
github.com/nxdir-s/grl/internal/core/domain/collections.go:21.67,25.2 1 0
github.com/nxdir-s/grl/internal/core/domain/collections.go:27.113,33.56 2 0
github.com/nxdir-s/grl/internal/core/domain/collections.go:33.56,35.3 1 0
github.com/nxdir-s/grl/internal/core/domain/collections.go:37.2,37.16 1 0
github.com/nxdir-s/grl/internal/core/domain/collections.go:37.16,38.63 1 0
github.com/nxdir-s/grl/internal/core/domain/collections.go:38.63,40.4 1 0
github.com/nxdir-s/grl/internal/core/domain/collections.go:43.2,43.24 1 0
github.com/nxdir-s/grl/internal/core/domain/collections.go:46.81,48.16 2 0
github.com/nxdir-s/grl/internal/core/domain/collections.go:48.16,50.3 1 0
github.com/nxdir-s/grl/internal/core/domain/collections.go:52.2,54.56 2 0
github.com/nxdir-s/grl/internal/core/domain/collections.go:54.56,56.3 1 0
github.com/nxdir-s/grl/internal/core/domain/collections.go:58.2,58.12 1 0
github.com/nxdir-s/grl/internal/core/domain/collections.go:61.78,63.2 1 0
github.com/nxdir-s/grl/internal/core/domain/collections.go:65.68,67.2 1 0
github.com/nxdir-s/grl/internal/core/domain/collections.go:69.93,71.16 2 0
github.com/nxdir-s/grl/internal/core/domain/collections.go:71.16,73.3 1 0
github.com/nxdir-s/grl/internal/core/domain/collections.go:75.2,75.22 1 0
github.com/nxdir-s/grl/internal/core/domain/collections.go:75.22,77.3 1 0
github.com/nxdir-s/grl/internal/core/domain/collections.go:79.2,79.24 1 0
github.com/nxdir-s/grl/internal/core/domain/collections.go:79.24,81.3 1 0
github.com/nxdir-s/grl/internal/core/domain/collections.go:83.2,85.40 2 0
github.com/nxdir-s/grl/internal/core/domain/collections.go:88.103,90.16 2 0
github.com/nxdir-s/grl/internal/core/domain/collections.go:90.16,92.3 1 0
github.com/nxdir-s/grl/internal/core/domain/collections.go:94.2,94.37 1 0
github.com/nxdir-s/grl/internal/core/domain/collections.go:94.37,95.45 1 0
github.com/nxdir-s/grl/internal/core/domain/collections.go:95.45,99.4 2 0
github.com/nxdir-s/grl/internal/core/domain/collections.go:102.2,102.30 1 0
github.com/nxdir-s/grl/internal/core/domain/collections.go:105.43,107.2 1 0
github.com/nxdir-s/grl/internal/core/domain/configs.go:22.55,26.2 1 0
github.com/nxdir-s/grl/internal/core/domain/configs.go:28.68,30.16 2 0
github.com/nxdir-s/grl/internal/core/domain/configs.go:30.16,32.3 1 0
github.com/nxdir-s/grl/internal/core/domain/configs.go:34.2,34.19 1 0
github.com/nxdir-s/grl/internal/core/domain/configs.go:34.19,36.3 1 0
github.com/nxdir-s/grl/internal/core/domain/configs.go:38.2,40.36 2 0
github.com/nxdir-s/grl/internal/core/domain/configs.go:40.36,42.3 1 0
github.com/nxdir-s/grl/internal/core/domain/configs.go:44.2,44.32 1 0
github.com/nxdir-s/grl/internal/core/domain/configs.go:44.32,46.3 1 0
github.com/nxdir-s/grl/internal/core/domain/configs.go:48.2,48.30 1 0
github.com/nxdir-s/grl/internal/core/domain/configs.go:48.30,50.3 1 0
github.com/nxdir-s/grl/internal/core/domain/configs.go:52.2,52.20 1 0
github.com/nxdir-s/grl/internal/core/domain/configs.go:55.71,57.2 1 0
github.com/nxdir-s/grl/internal/core/domain/configs.go:59.45,61.2 1 0
github.com/nxdir-s/grl/internal/core/domain/configs.go:63.50,71.2 1 0
github.com/nxdir-s/grl/internal/core/domain/curl.go:15.32,17.2 1 0
github.com/nxdir-s/grl/internal/core/domain/curl.go:19.56,24.61 4 0
github.com/nxdir-s/grl/internal/core/domain/curl.go:24.61,27.3 2 0
github.com/nxdir-s/grl/internal/core/domain/curl.go:29.2,29.29 1 0
github.com/nxdir-s/grl/internal/core/domain/curl.go:29.29,30.62 1 0
github.com/nxdir-s/grl/internal/core/domain/curl.go:30.62,31.12 1 0
github.com/nxdir-s/grl/internal/core/domain/curl.go:34.3,35.80 2 0
github.com/nxdir-s/grl/internal/core/domain/curl.go:38.2,38.22 1 0
github.com/nxdir-s/grl/internal/core/domain/curl.go:39.30,40.33 1 0
github.com/nxdir-s/grl/internal/core/domain/curl.go:40.33,41.69 1 0
github.com/nxdir-s/grl/internal/core/domain/curl.go:41.69,42.13 1 0
github.com/nxdir-s/grl/internal/core/domain/curl.go:45.4,46.86 2 0
github.com/nxdir-s/grl/internal/core/domain/curl.go:48.31,49.33 1 0
github.com/nxdir-s/grl/internal/core/domain/curl.go:49.33,50.69 1 0
github.com/nxdir-s/grl/internal/core/domain/curl.go:50.69,51.13 1 0
github.com/nxdir-s/grl/internal/core/domain/curl.go:54.4,55.86 2 0
github.com/nxdir-s/grl/internal/core/domain/curl.go:57.10,58.25 1 0
github.com/nxdir-s/grl/internal/core/domain/curl.go:58.25,61.4 2 0
github.com/nxdir-s/grl/internal/core/domain/curl.go:64.2,67.22 3 0
github.com/nxdir-s/grl/internal/core/domain/curl.go:67.22,70.10 2 0
github.com/nxdir-s/grl/internal/core/domain/curl.go:71.40,72.24 1 0
github.com/nxdir-s/grl/internal/core/domain/curl.go:73.11,74.24 1 0
github.com/nxdir-s/grl/internal/core/domain/curl.go:78.2,81.19 3 0
github.com/nxdir-s/grl/internal/core/domain/curl.go:84.83,87.24 2 0
github.com/nxdir-s/grl/internal/core/domain/curl.go:87.24,88.51 1 0
github.com/nxdir-s/grl/internal/core/domain/curl.go:88.51,90.4 1 0
github.com/nxdir-s/grl/internal/core/domain/curl.go:93.2,93.12 1 0
github.com/nxdir-s/grl/internal/core/domain/curl.go:96.69,99.24 2 0
github.com/nxdir-s/grl/internal/core/domain/curl.go:99.24,101.3 1 0
github.com/nxdir-s/grl/internal/core/domain/curl.go:103.2,103.19 1 0
github.com/nxdir-s/grl/internal/core/domain/curl.go:106.49,108.2 1 0
github.com/nxdir-s/grl/internal/core/domain/curl.go:110.63,114.16 3 0
github.com/nxdir-s/grl/internal/core/domain/curl.go:114.16,116.3 1 0
github.com/nxdir-s/grl/internal/core/domain/curl.go:118.2,118.22 1 0
github.com/nxdir-s/grl/internal/core/domain/curl.go:118.22,120.3 1 0
github.com/nxdir-s/grl/internal/core/domain/curl.go:122.2,122.25 1 0
github.com/nxdir-s/grl/internal/core/domain/curl.go:122.25,124.3 1 0
github.com/nxdir-s/grl/internal/core/domain/curl.go:126.2,130.35 2 0
github.com/nxdir-s/grl/internal/core/domain/curl.go:130.35,132.16 2 0
github.com/nxdir-s/grl/internal/core/domain/curl.go:132.16,133.12 1 0
github.com/nxdir-s/grl/internal/core/domain/curl.go:137.3,139.33 2 0
github.com/nxdir-s/grl/internal/core/domain/curl.go:139.33,140.13 1 0
github.com/nxdir-s/grl/internal/core/domain/curl.go:140.13,142.5 1 0
github.com/nxdir-s/grl/internal/core/domain/curl.go:144.4,144.26 1 0
github.com/nxdir-s/grl/internal/core/domain/curl.go:144.26,146.5 1 0
github.com/nxdir-s/grl/internal/core/domain/curl.go:148.4,150.26 2 0
github.com/nxdir-s/grl/internal/core/domain/curl.go:153.3,153.19 1 0
github.com/nxdir-s/grl/internal/core/domain/curl.go:154.26,155.27 1 0
github.com/nxdir-s/grl/internal/core/domain/curl.go:155.27,157.5 1 0
github.com/nxdir-s/grl/internal/core/domain/curl.go:158.25,159.27 1 0
github.com/nxdir-s/grl/internal/core/domain/curl.go:159.27,160.52 1 0
github.com/nxdir-s/grl/internal/core/domain/curl.go:160.52,166.6 1 0
github.com/nxdir-s/grl/internal/core/domain/curl.go:168.70,169.27 1 0
github.com/nxdir-s/grl/internal/core/domain/curl.go:169.27,173.39 3 0
github.com/nxdir-s/grl/internal/core/domain/curl.go:173.39,175.6 1 0
github.com/nxdir-s/grl/internal/core/domain/curl.go:177.27,178.27 1 0
github.com/nxdir-s/grl/internal/core/domain/curl.go:178.27,187.39 4 0
github.com/nxdir-s/grl/internal/core/domain/curl.go:187.39,189.6 1 0
github.com/nxdir-s/grl/internal/core/domain/curl.go:191.40,192.27 1 0
github.com/nxdir-s/grl/internal/core/domain/curl.go:192.27,201.39 4 0
github.com/nxdir-s/grl/internal/core/domain/curl.go:201.39,203.6 1 0
github.com/nxdir-s/grl/internal/core/domain/curl.go:205.23,206.27 1 0
github.com/nxdir-s/grl/internal/core/domain/curl.go:206.27,214.5 2 0
github.com/nxdir-s/grl/internal/core/domain/curl.go:215.29,216.27 1 0
github.com/nxdir-s/grl/internal/core/domain/curl.go:216.27,220.5 1 0
github.com/nxdir-s/grl/internal/core/domain/curl.go:221.25,222.27 1 0
github.com/nxdir-s/grl/internal/core/domain/curl.go:222.27,226.5 1 0
github.com/nxdir-s/grl/internal/core/domain/curl.go:227.16,228.27 1 0
github.com/nxdir-s/grl/internal/core/domain/curl.go:228.27,230.5 1 0
github.com/nxdir-s/grl/internal/core/domain/curl.go:231.11,233.50 1 0
github.com/nxdir-s/grl/internal/core/domain/curl.go:233.50,236.66 1 0
github.com/nxdir-s/grl/internal/core/domain/curl.go:236.66,238.6 1 0
github.com/nxdir-s/grl/internal/core/domain/curl.go:240.5,240.13 1 0
github.com/nxdir-s/grl/internal/core/domain/curl.go:244.4,244.25 1 0
github.com/nxdir-s/grl/internal/core/domain/curl.go:244.25,246.5 1 0
github.com/nxdir-s/grl/internal/core/domain/curl.go:250.2,250.23 1 0
github.com/nxdir-s/grl/internal/core/domain/curl.go:250.23,252.3 1 0
github.com/nxdir-s/grl/internal/core/domain/curl.go:254.2,257.17 3 0
github.com/nxdir-s/grl/internal/core/domain/curl.go:260.60,261.65 1 0
github.com/nxdir-s/grl/internal/core/domain/curl.go:261.65,263.3 1 0
github.com/nxdir-s/grl/internal/core/domain/curl.go:265.2,265.29 1 0
github.com/nxdir-s/grl/internal/core/domain/curl.go:265.29,266.62 1 0
github.com/nxdir-s/grl/internal/core/domain/curl.go:266.62,267.12 1 0
github.com/nxdir-s/grl/internal/core/domain/curl.go:270.3,271.65 2 0
github.com/nxdir-s/grl/internal/core/domain/curl.go:271.65,280.4 3 0
github.com/nxdir-s/grl/internal/core/domain/curl.go:284.61,286.40 2 0
github.com/nxdir-s/grl/internal/core/domain/curl.go:286.40,288.3 1 0
github.com/nxdir-s/grl/internal/core/domain/curl.go:290.2,290.37 1 0
github.com/nxdir-s/grl/internal/core/domain/curl.go:290.37,291.25 1 0
github.com/nxdir-s/grl/internal/core/domain/curl.go:291.25,297.4 1 0
github.com/nxdir-s/grl/internal/core/domain/curl.go:300.2,301.22 2 0
github.com/nxdir-s/grl/internal/core/domain/curl.go:304.88,305.34 1 0
github.com/nxdir-s/grl/internal/core/domain/curl.go:305.34,306.42 1 0
github.com/nxdir-s/grl/internal/core/domain/curl.go:306.42,308.4 1 0
github.com/nxdir-s/grl/internal/core/domain/curl.go:311.2,311.23 1 0
github.com/nxdir-s/grl/internal/core/domain/curl.go:315.46,320.2 3 0
github.com/nxdir-s/grl/internal/core/domain/curl.go:325.43,334.18 2 0
github.com/nxdir-s/grl/internal/core/domain/curl.go:334.18,335.31 1 0
github.com/nxdir-s/grl/internal/core/domain/curl.go:335.31,339.4 3 0
github.com/nxdir-s/grl/internal/core/domain/curl.go:342.2,342.30 1 0
github.com/nxdir-s/grl/internal/core/domain/curl.go:342.30,344.10 2 0
github.com/nxdir-s/grl/internal/core/domain/curl.go:345.13,346.18 1 0
github.com/nxdir-s/grl/internal/core/domain/curl.go:346.18,349.13 3 0
github.com/nxdir-s/grl/internal/core/domain/curl.go:352.4,352.21 1 0
github.com/nxdir-s/grl/internal/core/domain/curl.go:353.13,354.34 1 0
github.com/nxdir-s/grl/internal/core/domain/curl.go:354.34,356.67 2 0
github.com/nxdir-s/grl/internal/core/domain/curl.go:356.67,359.14 3 0
github.com/nxdir-s/grl/internal/core/domain/curl.go:363.4,363.17 1 0
github.com/nxdir-s/grl/internal/core/domain/curl.go:363.17,366.13 3 0
github.com/nxdir-s/grl/internal/core/domain/curl.go:369.4,369.21 1 0
github.com/nxdir-s/grl/internal/core/domain/curl.go:370.11,371.18 1 0
github.com/nxdir-s/grl/internal/core/domain/curl.go:371.18,374.13 3 0
github.com/nxdir-s/grl/internal/core/domain/curl.go:377.4,377.17 1 0
github.com/nxdir-s/grl/internal/core/domain/curl.go:377.17,380.13 3 0
github.com/nxdir-s/grl/internal/core/domain/curl.go:383.4,383.34 1 0
github.com/nxdir-s/grl/internal/core/domain/curl.go:383.34,386.13 3 0
github.com/nxdir-s/grl/internal/core/domain/curl.go:389.4,389.59 1 0
github.com/nxdir-s/grl/internal/core/domain/curl.go:389.59,391.13 2 0
github.com/nxdir-s/grl/internal/core/domain/curl.go:394.4,394.21 1 0
github.com/nxdir-s/grl/internal/core/domain/curl.go:398.2,398.18 1 0
github.com/nxdir-s/grl/internal/core/domain/curl.go:398.18,400.3 1 0
github.com/nxdir-s/grl/internal/core/domain/curl.go:402.2,404.20 2 0
github.com/nxdir-s/grl/internal/core/domain/environments.go:15.93,20.2 1 0
github.com/nxdir-s/grl/internal/core/domain/environments.go:22.105,29.49 2 0
github.com/nxdir-s/grl/internal/core/domain/environments.go:29.49,31.3 1 0
github.com/nxdir-s/grl/internal/core/domain/environments.go:33.2,33.17 1 0
github.com/nxdir-s/grl/internal/core/domain/environments.go:36.80,38.2 1 0
github.com/nxdir-s/grl/internal/core/domain/environments.go:40.89,42.2 1 0
github.com/nxdir-s/grl/internal/core/domain/environments.go:44.81,46.2 1 0
github.com/nxdir-s/grl/internal/core/domain/environments.go:48.69,50.16 2 0
github.com/nxdir-s/grl/internal/core/domain/environments.go:50.16,52.3 1 0
github.com/nxdir-s/grl/internal/core/domain/environments.go:54.2,54.27 1 0
github.com/nxdir-s/grl/internal/core/domain/environments.go:54.27,57.50 2 0
github.com/nxdir-s/grl/internal/core/domain/environments.go:57.50,59.4 1 0
github.com/nxdir-s/grl/internal/core/domain/environments.go:62.2,62.34 1 0
github.com/nxdir-s/grl/internal/core/domain/environments.go:65.84,67.16 2 0
github.com/nxdir-s/grl/internal/core/domain/environments.go:67.16,69.3 1 0
github.com/nxdir-s/grl/internal/core/domain/environments.go:71.2,71.31 1 0
github.com/nxdir-s/grl/internal/core/domain/environments.go:71.31,73.3 1 0
github.com/nxdir-s/grl/internal/core/domain/environments.go:75.2,76.16 2 0
github.com/nxdir-s/grl/internal/core/domain/environments.go:76.16,78.3 1 0
github.com/nxdir-s/grl/internal/core/domain/environments.go:80.2,80.17 1 0
github.com/nxdir-s/grl/internal/core/domain/environments.go:83.72,85.16 2 0
github.com/nxdir-s/grl/internal/core/domain/environments.go:85.16,87.3 1 0
github.com/nxdir-s/grl/internal/core/domain/environments.go:89.2,91.33 2 0
github.com/nxdir-s/grl/internal/core/domain/environments.go:94.74,96.16 2 0
github.com/nxdir-s/grl/internal/core/domain/environments.go:96.16,98.3 1 0
github.com/nxdir-s/grl/internal/core/domain/environments.go:100.2,100.16 1 0
github.com/nxdir-s/grl/internal/core/domain/environments.go:100.16,102.3 1 0
github.com/nxdir-s/grl/internal/core/domain/environments.go:104.2,104.22 1 0
github.com/nxdir-s/grl/internal/core/domain/format.go:18.32,20.2 1 0
github.com/nxdir-s/grl/internal/core/domain/format.go:22.51,27.17 4 0
github.com/nxdir-s/grl/internal/core/domain/format.go:27.17,30.10 2 0
github.com/nxdir-s/grl/internal/core/domain/format.go:31.17,34.21 2 0
github.com/nxdir-s/grl/internal/core/domain/format.go:34.21,35.41 1 0
github.com/nxdir-s/grl/internal/core/domain/format.go:35.41,37.14 2 0
github.com/nxdir-s/grl/internal/core/domain/format.go:40.5,40.22 1 0
github.com/nxdir-s/grl/internal/core/domain/format.go:40.22,41.11 1 0
github.com/nxdir-s/grl/internal/core/domain/format.go:44.5,44.10 1 0
github.com/nxdir-s/grl/internal/core/domain/format.go:47.4,47.21 1 0
github.com/nxdir-s/grl/internal/core/domain/format.go:47.21,51.5 2 0
github.com/nxdir-s/grl/internal/core/domain/format.go:53.4,57.52 3 0
github.com/nxdir-s/grl/internal/core/domain/format.go:57.52,59.5 1 0
github.com/nxdir-s/grl/internal/core/domain/format.go:61.4,61.33 1 0
github.com/nxdir-s/grl/internal/core/domain/format.go:61.33,63.5 1 0
github.com/nxdir-s/grl/internal/core/domain/format.go:63.10,65.5 1 0
github.com/nxdir-s/grl/internal/core/domain/format.go:67.4,69.15 3 0
github.com/nxdir-s/grl/internal/core/domain/format.go:71.43,73.16 2 0
github.com/nxdir-s/grl/internal/core/domain/format.go:73.16,75.5 1 0
github.com/nxdir-s/grl/internal/core/domain/format.go:77.4,77.21 1 0
github.com/nxdir-s/grl/internal/core/domain/format.go:77.21,79.91 2 0
github.com/nxdir-s/grl/internal/core/domain/format.go:79.91,81.14 2 0
github.com/nxdir-s/grl/internal/core/domain/format.go:84.5,84.10 1 0
github.com/nxdir-s/grl/internal/core/domain/format.go:87.4,90.11 4 0
github.com/nxdir-s/grl/internal/core/domain/format.go:92.53,96.10 4 0
github.com/nxdir-s/grl/internal/core/domain/format.go:98.54,102.10 4 0
github.com/nxdir-s/grl/internal/core/domain/format.go:104.53,108.10 4 0
github.com/nxdir-s/grl/internal/core/domain/format.go:110.77,114.7 4 0
github.com/nxdir-s/grl/internal/core/domain/format.go:116.11,118.7 2 0
github.com/nxdir-s/grl/internal/core/domain/format.go:122.2,122.21 1 0
github.com/nxdir-s/grl/internal/core/domain/history.go:14.56,18.2 1 0
github.com/nxdir-s/grl/internal/core/domain/history.go:20.87,22.16 2 0
github.com/nxdir-s/grl/internal/core/domain/history.go:22.16,24.3 1 0
github.com/nxdir-s/grl/internal/core/domain/history.go:26.2,26.56 1 0
github.com/nxdir-s/grl/internal/core/domain/history.go:26.56,28.3 1 0
github.com/nxdir-s/grl/internal/core/domain/history.go:30.2,30.39 1 0
github.com/nxdir-s/grl/internal/core/domain/history.go:30.39,32.3 1 0
github.com/nxdir-s/grl/internal/core/domain/history.go:34.2,34.21 1 0
github.com/nxdir-s/grl/internal/core/domain/history.go:37.97,39.16 2 0
github.com/nxdir-s/grl/internal/core/domain/history.go:39.16,41.3 1 0
github.com/nxdir-s/grl/internal/core/domain/history.go:43.2,45.24 2 0
github.com/nxdir-s/grl/internal/core/domain/history.go:45.24,47.3 1 0
github.com/nxdir-s/grl/internal/core/domain/history.go:49.2,49.53 1 0
github.com/nxdir-s/grl/internal/core/domain/history.go:49.53,51.3 1 0
github.com/nxdir-s/grl/internal/core/domain/history.go:53.2,53.12 1 0
github.com/nxdir-s/grl/internal/core/domain/history.go:56.69,58.16 2 0
github.com/nxdir-s/grl/internal/core/domain/history.go:58.16,60.3 1 0
github.com/nxdir-s/grl/internal/core/domain/history.go:62.2,64.25 2 0
github.com/nxdir-s/grl/internal/core/domain/history.go:64.25,65.26 1 0
github.com/nxdir-s/grl/internal/core/domain/history.go:65.26,67.4 1 0
github.com/nxdir-s/grl/internal/core/domain/history.go:70.2,70.49 1 0
github.com/nxdir-s/grl/internal/core/domain/history.go:70.49,72.3 1 0
github.com/nxdir-s/grl/internal/core/domain/history.go:74.2,74.12 1 0
github.com/nxdir-s/grl/internal/core/domain/requests.go:14.40,16.2 1 0
github.com/nxdir-s/grl/internal/core/domain/requests.go:20.43,22.2 1 0
github.com/nxdir-s/grl/internal/core/domain/requests.go:28.40,30.2 1 0
github.com/nxdir-s/grl/internal/core/domain/requests.go:41.143,57.2 1 0
github.com/nxdir-s/grl/internal/core/domain/requests.go:59.93,63.40 3 0
github.com/nxdir-s/grl/internal/core/domain/requests.go:63.40,65.3 1 0
github.com/nxdir-s/grl/internal/core/domain/requests.go:67.2,68.16 2 0
github.com/nxdir-s/grl/internal/core/domain/requests.go:68.16,70.3 1 0
github.com/nxdir-s/grl/internal/core/domain/requests.go:72.2,76.16 4 0
github.com/nxdir-s/grl/internal/core/domain/requests.go:76.16,78.3 1 0
github.com/nxdir-s/grl/internal/core/domain/requests.go:80.2,80.18 1 0
github.com/nxdir-s/grl/internal/core/domain/requests.go:83.56,84.23 1 0
github.com/nxdir-s/grl/internal/core/domain/requests.go:84.23,86.3 1 0
github.com/nxdir-s/grl/internal/core/domain/requests.go:88.2,88.32 1 0
github.com/nxdir-s/grl/internal/core/domain/requests.go:88.32,90.3 1 0
github.com/nxdir-s/grl/internal/core/domain/requests.go:92.2,92.56 1 0
github.com/nxdir-s/grl/internal/core/domain/requests.go:92.56,94.3 1 0
github.com/nxdir-s/grl/internal/core/domain/requests.go:96.2,96.12 1 0
github.com/nxdir-s/grl/internal/core/domain/requests.go:99.89,101.16 2 0
github.com/nxdir-s/grl/internal/core/domain/requests.go:101.16,103.3 1 0
github.com/nxdir-s/grl/internal/core/domain/requests.go:105.2,107.24 2 0
github.com/nxdir-s/grl/internal/core/domain/requests.go:107.24,108.51 1 0
github.com/nxdir-s/grl/internal/core/domain/requests.go:108.51,110.4 1 0
github.com/nxdir-s/grl/internal/core/domain/requests.go:113.2,115.24 2 0
github.com/nxdir-s/grl/internal/core/domain/requests.go:118.63,119.32 1 0
github.com/nxdir-s/grl/internal/core/domain/requests.go:119.32,120.34 1 0
github.com/nxdir-s/grl/internal/core/domain/requests.go:120.34,122.4 1 0
github.com/nxdir-s/grl/internal/core/domain/requests.go:125.2,125.14 1 0
github.com/nxdir-s/grl/internal/core/domain/substitutions.go:14.40,18.2 1 0
github.com/nxdir-s/grl/internal/core/domain/substitutions.go:20.79,21.20 1 0
github.com/nxdir-s/grl/internal/core/domain/substitutions.go:21.20,23.3 1 0
github.com/nxdir-s/grl/internal/core/domain/substitutions.go:25.2,25.74 1 0
github.com/nxdir-s/grl/internal/core/domain/substitutions.go:25.74,27.17 2 0
github.com/nxdir-s/grl/internal/core/domain/substitutions.go:27.17,29.4 1 0
github.com/nxdir-s/grl/internal/core/domain/substitutions.go:31.3,31.30 1 0
github.com/nxdir-s/grl/internal/core/domain/substitutions.go:31.30,33.4 1 0
github.com/nxdir-s/grl/internal/core/domain/substitutions.go:35.3,35.15 1 0
github.com/nxdir-s/grl/internal/core/domain/substitutions.go:39.104,59.29 2 0
github.com/nxdir-s/grl/internal/core/domain/substitutions.go:59.29,65.3 1 0
github.com/nxdir-s/grl/internal/core/domain/substitutions.go:67.2,67.28 1 0
github.com/nxdir-s/grl/internal/core/domain/substitutions.go:67.28,73.3 1 0
github.com/nxdir-s/grl/internal/core/domain/substitutions.go:75.2,75.12 1 0
